inputs=128 keys=34 outputs=1 gates=229
iteration: 1; vars: 1570; clauses: 1066; decisions: 613
iteration: 2; vars: 2026; clauses: 2188; decisions: 1699
iteration: 3; vars: 2482; clauses: 1449; decisions: 2027
iteration: 4; vars: 2938; clauses: 2571; decisions: 2206
iteration: 5; vars: 3394; clauses: 3693; decisions: 2403
iteration: 6; vars: 3850; clauses: 1908; decisions: 3157
iteration: 7; vars: 4306; clauses: 3030; decisions: 3840
iteration: 8; vars: 4762; clauses: 4152; decisions: 4024
iteration: 9; vars: 5218; clauses: 2298; decisions: 4238
iteration: 10; vars: 5674; clauses: 3420; decisions: 4588
iteration: 11; vars: 6130; clauses: 4542; decisions: 4714
iteration: 12; vars: 6586; clauses: 2807; decisions: 4927
iteration: 13; vars: 7042; clauses: 3929; decisions: 5084
iteration: 14; vars: 7498; clauses: 5051; decisions: 5649
iteration: 15; vars: 7954; clauses: 6173; decisions: 5805
iteration: 16; vars: 8410; clauses: 3348; decisions: 6374
iteration: 17; vars: 8866; clauses: 4470; decisions: 6593
iteration: 18; vars: 9322; clauses: 5592; decisions: 6759
iteration: 19; vars: 9778; clauses: 6714; decisions: 7068
iteration: 20; vars: 10234; clauses: 3995; decisions: 7422
iteration: 21; vars: 10690; clauses: 5117; decisions: 8038
iteration: 22; vars: 11146; clauses: 6239; decisions: 8180
iteration: 23; vars: 11602; clauses: 7361; decisions: 8325
iteration: 24; vars: 12058; clauses: 4597; decisions: 8479
iteration: 25; vars: 12514; clauses: 5719; decisions: 8684
iteration: 26; vars: 12970; clauses: 6841; decisions: 8854
iteration: 27; vars: 13426; clauses: 7963; decisions: 9026
iteration: 28; vars: 13882; clauses: 9085; decisions: 9188
iteration: 29; vars: 14338; clauses: 5306; decisions: 9470
iteration: 30; vars: 14794; clauses: 6428; decisions: 9624
iteration: 31; vars: 15250; clauses: 7550; decisions: 9792
iteration: 32; vars: 15706; clauses: 8672; decisions: 10089
iteration: 33; vars: 16162; clauses: 9794; decisions: 11080
iteration: 34; vars: 16618; clauses: 6017; decisions: 11205
iteration: 35; vars: 17074; clauses: 7139; decisions: 11332
iteration: 36; vars: 17530; clauses: 8261; decisions: 11454
iteration: 37; vars: 17986; clauses: 9383; decisions: 11584
iteration: 38; vars: 18442; clauses: 10505; decisions: 12283
iteration: 39; vars: 18898; clauses: 11627; decisions: 12385
iteration: 40; vars: 19354; clauses: 6789; decisions: 12491
iteration: 41; vars: 19810; clauses: 7911; decisions: 12622
iteration: 42; vars: 20266; clauses: 9033; decisions: 12736
iteration: 43; vars: 20722; clauses: 10155; decisions: 13090
iteration: 44; vars: 21178; clauses: 11277; decisions: 13398
iteration: 45; vars: 21634; clauses: 12399; decisions: 14066
iteration: 46; vars: 22090; clauses: 7736; decisions: 14618
iteration: 47; vars: 22546; clauses: 8858; decisions: 15012
iteration: 48; vars: 23002; clauses: 9980; decisions: 15274
iteration: 49; vars: 23458; clauses: 11102; decisions: 15664
iteration: 50; vars: 23914; clauses: 12224; decisions: 15815
iteration: 51; vars: 24370; clauses: 13346; decisions: 16403
iteration: 52; vars: 24826; clauses: 8626; decisions: 16684
iteration: 53; vars: 25282; clauses: 9748; decisions: 16931
iteration: 54; vars: 25738; clauses: 10870; decisions: 17839
iteration: 55; vars: 26194; clauses: 11992; decisions: 18044
iteration: 56; vars: 26650; clauses: 13114; decisions: 18215
iteration: 57; vars: 27106; clauses: 14236; decisions: 18505
iteration: 58; vars: 27562; clauses: 15358; decisions: 18692
iteration: 59; vars: 28018; clauses: 9661; decisions: 19266
iteration: 60; vars: 28474; clauses: 10783; decisions: 19387
iteration: 61; vars: 28930; clauses: 11905; decisions: 19513
iteration: 62; vars: 29386; clauses: 13027; decisions: 20098
iteration: 63; vars: 29842; clauses: 14149; decisions: 20244
iteration: 64; vars: 30298; clauses: 15271; decisions: 20713
iteration: 65; vars: 30754; clauses: 16393; decisions: 20846
iteration: 66; vars: 31210; clauses: 17515; decisions: 20972
iteration: 67; vars: 31666; clauses: 10686; decisions: 21254
iteration: 68; vars: 32122; clauses: 11808; decisions: 21473
iteration: 69; vars: 32578; clauses: 12930; decisions: 21670
iteration: 70; vars: 33034; clauses: 14052; decisions: 21811
iteration: 71; vars: 33490; clauses: 15174; decisions: 21967
iteration: 72; vars: 33946; clauses: 16296; decisions: 22187
iteration: 73; vars: 34402; clauses: 17418; decisions: 23335
iteration: 74; vars: 34858; clauses: 18540; decisions: 23409
iteration: 75; vars: 35314; clauses: 19662; decisions: 23549
iteration: 76; vars: 35770; clauses: 10009; decisions: 24056
iteration: 77; vars: 36226; clauses: 11127; decisions: 24344
iteration: 78; vars: 36682; clauses: 12245; decisions: 24569
iteration: 79; vars: 37138; clauses: 13363; decisions: 24721
iteration: 80; vars: 37594; clauses: 14481; decisions: 24882
iteration: 81; vars: 38050; clauses: 15599; decisions: 25025
iteration: 82; vars: 38506; clauses: 16717; decisions: 25194
iteration: 83; vars: 38962; clauses: 17835; decisions: 25336
iteration: 84; vars: 39418; clauses: 11070; decisions: 25662
iteration: 85; vars: 39874; clauses: 12188; decisions: 25776
iteration: 86; vars: 40330; clauses: 13306; decisions: 26109
iteration: 87; vars: 40786; clauses: 14424; decisions: 26318
iteration: 88; vars: 41242; clauses: 15542; decisions: 26468
iteration: 89; vars: 41698; clauses: 16660; decisions: 26918
iteration: 90; vars: 42154; clauses: 17778; decisions: 27071
iteration: 91; vars: 42610; clauses: 18896; decisions: 27193
iteration: 92; vars: 43066; clauses: 20014; decisions: 27317
iteration: 93; vars: 43522; clauses: 12100; decisions: 27463
iteration: 94; vars: 43978; clauses: 13218; decisions: 27666
iteration: 95; vars: 44434; clauses: 14336; decisions: 27825
iteration: 96; vars: 44890; clauses: 15454; decisions: 27944
iteration: 97; vars: 45346; clauses: 16572; decisions: 28191
iteration: 98; vars: 45802; clauses: 17690; decisions: 28332
iteration: 99; vars: 46258; clauses: 18808; decisions: 28632
iteration: 100; vars: 46714; clauses: 19926; decisions: 29020
iteration: 101; vars: 47170; clauses: 21044; decisions: 29265
iteration: 102; vars: 47626; clauses: 22162; decisions: 29381
iteration: 103; vars: 48082; clauses: 13334; decisions: 29541
iteration: 104; vars: 48538; clauses: 14452; decisions: 29793
iteration: 105; vars: 48994; clauses: 15570; decisions: 29946
iteration: 106; vars: 49450; clauses: 16688; decisions: 30090
iteration: 107; vars: 49906; clauses: 17806; decisions: 30254
iteration: 108; vars: 50362; clauses: 18924; decisions: 30602
iteration: 109; vars: 50818; clauses: 20042; decisions: 30977
iteration: 110; vars: 51274; clauses: 21160; decisions: 31065
iteration: 111; vars: 51730; clauses: 22278; decisions: 31214
iteration: 112; vars: 52186; clauses: 23396; decisions: 31684
iteration: 113; vars: 52642; clauses: 14813; decisions: 31783
iteration: 114; vars: 53098; clauses: 15931; decisions: 31886
iteration: 115; vars: 53554; clauses: 17049; decisions: 32010
iteration: 116; vars: 54010; clauses: 18167; decisions: 32170
iteration: 117; vars: 54466; clauses: 19285; decisions: 32760
iteration: 118; vars: 54922; clauses: 20403; decisions: 32851
iteration: 119; vars: 55378; clauses: 21521; decisions: 33242
iteration: 120; vars: 55834; clauses: 22639; decisions: 33809
iteration: 121; vars: 56290; clauses: 23757; decisions: 33938
iteration: 122; vars: 56746; clauses: 24875; decisions: 34132
iteration: 123; vars: 57202; clauses: 25993; decisions: 34320
iteration: 124; vars: 57658; clauses: 16353; decisions: 34807
iteration: 125; vars: 58114; clauses: 17471; decisions: 35007
iteration: 126; vars: 58570; clauses: 18589; decisions: 35169
iteration: 127; vars: 59026; clauses: 19707; decisions: 35285
iteration: 128; vars: 59482; clauses: 20825; decisions: 35567
iteration: 129; vars: 59938; clauses: 21943; decisions: 35821
iteration: 130; vars: 60394; clauses: 23061; decisions: 35899
iteration: 131; vars: 60850; clauses: 24179; decisions: 36747
iteration: 132; vars: 61306; clauses: 25297; decisions: 37820
iteration: 133; vars: 61762; clauses: 26415; decisions: 38287
iteration: 134; vars: 62218; clauses: 27533; decisions: 38933
iteration: 135; vars: 62674; clauses: 28651; decisions: 39506
iteration: 136; vars: 63130; clauses: 16455; decisions: 39576
iteration: 137; vars: 63586; clauses: 17573; decisions: 39925
iteration: 138; vars: 64042; clauses: 18691; decisions: 40301
iteration: 139; vars: 64498; clauses: 19809; decisions: 40463
iteration: 140; vars: 64954; clauses: 20927; decisions: 40855
iteration: 141; vars: 65410; clauses: 22045; decisions: 42266
iteration: 142; vars: 65866; clauses: 23161; decisions: 42333
iteration: 143; vars: 66322; clauses: 24277; decisions: 42568
iteration: 144; vars: 66778; clauses: 25393; decisions: 42799
iteration: 145; vars: 67234; clauses: 26509; decisions: 42925
iteration: 146; vars: 67690; clauses: 27625; decisions: 42973
iteration: 147; vars: 68146; clauses: 28741; decisions: 43134
iteration: 148; vars: 68602; clauses: 12761; decisions: 43783
iteration: 149; vars: 69058; clauses: 13869; decisions: 43883
iteration: 150; vars: 69514; clauses: 14977; decisions: 44087
iteration: 151; vars: 69970; clauses: 16085; decisions: 44168
iteration: 152; vars: 70426; clauses: 17193; decisions: 44237
iteration: 153; vars: 70882; clauses: 18301; decisions: 44319
iteration: 154; vars: 71338; clauses: 19409; decisions: 44655
iteration: 155; vars: 71794; clauses: 20517; decisions: 44909
iteration: 156; vars: 72250; clauses: 21625; decisions: 45203
iteration: 157; vars: 72706; clauses: 11842; decisions: 45418
iteration: 158; vars: 73162; clauses: 12950; decisions: 45670
iteration: 159; vars: 73618; clauses: 14058; decisions: 45710
iteration: 160; vars: 74074; clauses: 15165; decisions: 46242
iteration: 161; vars: 74530; clauses: 16273; decisions: 46329
iteration: 162; vars: 74986; clauses: 17381; decisions: 46705
iteration: 163; vars: 75442; clauses: 18489; decisions: 47072
iteration: 164; vars: 75898; clauses: 19587; decisions: 47147
iteration: 165; vars: 76354; clauses: 20685; decisions: 47240
iteration: 166; vars: 76810; clauses: 2226; decisions: 47449
iteration: 167; vars: 77266; clauses: 3280; decisions: 47482
iteration: 168; vars: 77722; clauses: 4328; decisions: 47600
finished solver loop. fail_count = 0
key=1011001110000011101110111111111110
iteration=168; backbones_count=0; cube_count=211380; cpu_time=8.31706; maxrss=22.0859
