inputs=128 keys=27 outputs=1 gates=208
iteration: 1; vars: 1430; clauses: 872; decisions: 586
iteration: 2; vars: 1844; clauses: 1840; decisions: 727
iteration: 3; vars: 2258; clauses: 2808; decisions: 972
iteration: 4; vars: 2672; clauses: 1228; decisions: 1415
iteration: 5; vars: 3086; clauses: 2196; decisions: 1587
iteration: 6; vars: 3500; clauses: 3164; decisions: 1795
iteration: 7; vars: 3914; clauses: 1573; decisions: 2093
iteration: 8; vars: 4328; clauses: 2541; decisions: 2365
iteration: 9; vars: 4742; clauses: 3509; decisions: 2534
iteration: 10; vars: 5156; clauses: 2008; decisions: 2780
iteration: 11; vars: 5570; clauses: 2976; decisions: 3199
iteration: 12; vars: 5984; clauses: 3944; decisions: 3425
iteration: 13; vars: 6398; clauses: 2446; decisions: 3689
iteration: 14; vars: 6812; clauses: 3414; decisions: 3886
iteration: 15; vars: 7226; clauses: 4382; decisions: 4163
iteration: 16; vars: 7640; clauses: 5350; decisions: 4297
iteration: 17; vars: 8054; clauses: 2952; decisions: 4610
iteration: 18; vars: 8468; clauses: 3920; decisions: 4836
iteration: 19; vars: 8882; clauses: 4888; decisions: 5050
iteration: 20; vars: 9296; clauses: 5856; decisions: 5208
iteration: 21; vars: 9710; clauses: 3514; decisions: 5338
iteration: 22; vars: 10124; clauses: 4482; decisions: 5509
iteration: 23; vars: 10538; clauses: 5450; decisions: 5697
iteration: 24; vars: 10952; clauses: 6418; decisions: 5925
iteration: 25; vars: 11366; clauses: 7386; decisions: 6121
iteration: 26; vars: 11780; clauses: 4204; decisions: 6232
iteration: 27; vars: 12194; clauses: 5172; decisions: 6468
iteration: 28; vars: 12608; clauses: 6140; decisions: 6709
iteration: 29; vars: 13022; clauses: 7108; decisions: 6868
iteration: 30; vars: 13436; clauses: 8076; decisions: 6959
iteration: 31; vars: 13850; clauses: 4873; decisions: 7047
iteration: 32; vars: 14264; clauses: 5841; decisions: 7312
iteration: 33; vars: 14678; clauses: 6809; decisions: 7456
iteration: 34; vars: 15092; clauses: 7777; decisions: 7559
iteration: 35; vars: 15506; clauses: 8745; decisions: 7664
iteration: 36; vars: 15920; clauses: 9713; decisions: 7845
iteration: 37; vars: 16334; clauses: 5472; decisions: 8197
iteration: 38; vars: 16748; clauses: 6440; decisions: 8557
iteration: 39; vars: 17162; clauses: 7408; decisions: 8681
iteration: 40; vars: 17576; clauses: 8376; decisions: 9148
iteration: 41; vars: 17990; clauses: 9344; decisions: 9259
iteration: 42; vars: 18404; clauses: 10312; decisions: 9372
iteration: 43; vars: 18818; clauses: 6178; decisions: 9564
iteration: 44; vars: 19232; clauses: 7146; decisions: 9669
iteration: 45; vars: 19646; clauses: 8114; decisions: 10209
iteration: 46; vars: 20060; clauses: 9082; decisions: 10321
iteration: 47; vars: 20474; clauses: 10050; decisions: 10677
iteration: 48; vars: 20888; clauses: 11018; decisions: 10767
iteration: 49; vars: 21302; clauses: 11986; decisions: 10882
iteration: 50; vars: 21716; clauses: 6974; decisions: 11374
iteration: 51; vars: 22130; clauses: 7942; decisions: 11485
iteration: 52; vars: 22544; clauses: 8910; decisions: 11745
iteration: 53; vars: 22958; clauses: 9878; decisions: 11832
iteration: 54; vars: 23372; clauses: 10846; decisions: 12102
iteration: 55; vars: 23786; clauses: 11814; decisions: 12194
iteration: 56; vars: 24200; clauses: 12782; decisions: 12292
iteration: 57; vars: 24614; clauses: 7925; decisions: 12424
iteration: 58; vars: 25028; clauses: 8893; decisions: 12741
iteration: 59; vars: 25442; clauses: 9859; decisions: 13130
iteration: 60; vars: 25856; clauses: 10825; decisions: 13355
iteration: 61; vars: 26270; clauses: 11791; decisions: 13468
iteration: 62; vars: 26684; clauses: 12757; decisions: 13772
iteration: 63; vars: 27098; clauses: 13723; decisions: 13863
iteration: 64; vars: 27512; clauses: 14689; decisions: 13950
iteration: 65; vars: 27926; clauses: 8246; decisions: 14863
iteration: 66; vars: 28340; clauses: 9212; decisions: 15092
iteration: 67; vars: 28754; clauses: 10178; decisions: 15156
iteration: 68; vars: 29168; clauses: 11144; decisions: 15407
iteration: 69; vars: 29582; clauses: 12110; decisions: 15877
iteration: 70; vars: 29996; clauses: 13076; decisions: 16082
iteration: 71; vars: 30410; clauses: 14042; decisions: 16969
iteration: 72; vars: 30824; clauses: 15008; decisions: 17095
iteration: 73; vars: 31238; clauses: 8365; decisions: 17253
iteration: 74; vars: 31652; clauses: 9329; decisions: 17377
iteration: 75; vars: 32066; clauses: 10293; decisions: 18111
iteration: 76; vars: 32480; clauses: 11257; decisions: 18199
iteration: 77; vars: 32894; clauses: 12221; decisions: 18623
iteration: 78; vars: 33308; clauses: 13185; decisions: 18853
iteration: 79; vars: 33722; clauses: 14149; decisions: 19445
iteration: 80; vars: 34136; clauses: 15113; decisions: 19611
iteration: 81; vars: 34550; clauses: 16075; decisions: 19715
iteration: 82; vars: 34964; clauses: 7619; decisions: 20485
iteration: 83; vars: 35378; clauses: 8577; decisions: 20525
iteration: 84; vars: 35792; clauses: 9535; decisions: 21124
iteration: 85; vars: 36206; clauses: 10489; decisions: 21190
iteration: 86; vars: 36620; clauses: 11441; decisions: 21318
iteration: 87; vars: 37034; clauses: 12393; decisions: 21407
iteration: 88; vars: 37448; clauses: 13345; decisions: 21685
iteration: 89; vars: 37862; clauses: 14297; decisions: 21950
iteration: 90; vars: 38276; clauses: 15239; decisions: 22083
iteration: 91; vars: 38690; clauses: 16135; decisions: 22183
finished solver loop. fail_count = 0
key=101100111000001110111011111
iteration=91; backbones_count=0; cube_count=100962; cpu_time=2.03207; maxrss=7.625
