inputs=128 keys=41 outputs=1 gates=250
iteration: 1; vars: 1710; clauses: 1288; decisions: 811
iteration: 2; vars: 2208; clauses: 2564; decisions: 1814
iteration: 3; vars: 2706; clauses: 1742; decisions: 2471
iteration: 4; vars: 3204; clauses: 3018; decisions: 2797
iteration: 5; vars: 3702; clauses: 4294; decisions: 3436
iteration: 6; vars: 4200; clauses: 2391; decisions: 4231
iteration: 7; vars: 4698; clauses: 3667; decisions: 4420
iteration: 8; vars: 5196; clauses: 4943; decisions: 4603
iteration: 9; vars: 5694; clauses: 2979; decisions: 5148
iteration: 10; vars: 6192; clauses: 4255; decisions: 5604
iteration: 11; vars: 6690; clauses: 5531; decisions: 5949
iteration: 12; vars: 7188; clauses: 3602; decisions: 6169
iteration: 13; vars: 7686; clauses: 4878; decisions: 6367
iteration: 14; vars: 8184; clauses: 6154; decisions: 6833
iteration: 15; vars: 8682; clauses: 4251; decisions: 7228
iteration: 16; vars: 9180; clauses: 5527; decisions: 7556
iteration: 17; vars: 9678; clauses: 6803; decisions: 7707
iteration: 18; vars: 10176; clauses: 8079; decisions: 7873
iteration: 19; vars: 10674; clauses: 5034; decisions: 8168
iteration: 20; vars: 11172; clauses: 6310; decisions: 9193
iteration: 21; vars: 11670; clauses: 7586; decisions: 9714
iteration: 22; vars: 12168; clauses: 8862; decisions: 9871
iteration: 23; vars: 12666; clauses: 5788; decisions: 10347
iteration: 24; vars: 13164; clauses: 7064; decisions: 10542
iteration: 25; vars: 13662; clauses: 8340; decisions: 11053
iteration: 26; vars: 14160; clauses: 9616; decisions: 11237
iteration: 27; vars: 14658; clauses: 10892; decisions: 11621
iteration: 28; vars: 15156; clauses: 6769; decisions: 11841
iteration: 29; vars: 15654; clauses: 8045; decisions: 11964
iteration: 30; vars: 16152; clauses: 9321; decisions: 12240
iteration: 31; vars: 16650; clauses: 10597; decisions: 12404
iteration: 32; vars: 17148; clauses: 11873; decisions: 14493
iteration: 33; vars: 17646; clauses: 7797; decisions: 14883
iteration: 34; vars: 18144; clauses: 9073; decisions: 15061
iteration: 35; vars: 18642; clauses: 10349; decisions: 15382
iteration: 36; vars: 19140; clauses: 11625; decisions: 15541
iteration: 37; vars: 19638; clauses: 12901; decisions: 15705
iteration: 38; vars: 20136; clauses: 14177; decisions: 15865
iteration: 39; vars: 20634; clauses: 9052; decisions: 16021
iteration: 40; vars: 21132; clauses: 10328; decisions: 17368
iteration: 41; vars: 21630; clauses: 11604; decisions: 18268
iteration: 42; vars: 22128; clauses: 12880; decisions: 18420
iteration: 43; vars: 22626; clauses: 14156; decisions: 18574
iteration: 44; vars: 23124; clauses: 15432; decisions: 18814
iteration: 45; vars: 23622; clauses: 10257; decisions: 18970
iteration: 46; vars: 24120; clauses: 11533; decisions: 19211
iteration: 47; vars: 24618; clauses: 12809; decisions: 19427
iteration: 48; vars: 25116; clauses: 14085; decisions: 19721
iteration: 49; vars: 25614; clauses: 15361; decisions: 19916
iteration: 50; vars: 26112; clauses: 16637; decisions: 20701
iteration: 51; vars: 26610; clauses: 17913; decisions: 20939
iteration: 52; vars: 27108; clauses: 11743; decisions: 21093
iteration: 53; vars: 27606; clauses: 13019; decisions: 21959
iteration: 54; vars: 28104; clauses: 14295; decisions: 23102
iteration: 55; vars: 28602; clauses: 15571; decisions: 23732
iteration: 56; vars: 29100; clauses: 16845; decisions: 23870
iteration: 57; vars: 29598; clauses: 18119; decisions: 24152
iteration: 58; vars: 30096; clauses: 19393; decisions: 24480
iteration: 59; vars: 30594; clauses: 20667; decisions: 24662
iteration: 60; vars: 31092; clauses: 12535; decisions: 24781
iteration: 61; vars: 31590; clauses: 13809; decisions: 25200
iteration: 62; vars: 32088; clauses: 15083; decisions: 25340
iteration: 63; vars: 32586; clauses: 16357; decisions: 25563
iteration: 64; vars: 33084; clauses: 17631; decisions: 25754
iteration: 65; vars: 33582; clauses: 18905; decisions: 26022
iteration: 66; vars: 34080; clauses: 20179; decisions: 26152
iteration: 67; vars: 34578; clauses: 21453; decisions: 26283
iteration: 68; vars: 35076; clauses: 14031; decisions: 26403
iteration: 69; vars: 35574; clauses: 15305; decisions: 26828
iteration: 70; vars: 36072; clauses: 16579; decisions: 27539
iteration: 71; vars: 36570; clauses: 17853; decisions: 27772
iteration: 72; vars: 37068; clauses: 19127; decisions: 28034
iteration: 73; vars: 37566; clauses: 20401; decisions: 28236
iteration: 74; vars: 38064; clauses: 21673; decisions: 28422
iteration: 75; vars: 38562; clauses: 22945; decisions: 28582
iteration: 76; vars: 39060; clauses: 24217; decisions: 28972
iteration: 77; vars: 39558; clauses: 14855; decisions: 29288
iteration: 78; vars: 40056; clauses: 16127; decisions: 29509
iteration: 79; vars: 40554; clauses: 17399; decisions: 29766
iteration: 80; vars: 41052; clauses: 18671; decisions: 30369
iteration: 81; vars: 41550; clauses: 19943; decisions: 30645
iteration: 82; vars: 42048; clauses: 21215; decisions: 31439
iteration: 83; vars: 42546; clauses: 22487; decisions: 32130
iteration: 84; vars: 43044; clauses: 23759; decisions: 33166
iteration: 85; vars: 43542; clauses: 25031; decisions: 34469
iteration: 86; vars: 44040; clauses: 26303; decisions: 35038
iteration: 87; vars: 44538; clauses: 16672; decisions: 35171
iteration: 88; vars: 45036; clauses: 17944; decisions: 36752
iteration: 89; vars: 45534; clauses: 19216; decisions: 36878
iteration: 90; vars: 46032; clauses: 20488; decisions: 37010
iteration: 91; vars: 46530; clauses: 21760; decisions: 37186
iteration: 92; vars: 47028; clauses: 23032; decisions: 37653
iteration: 93; vars: 47526; clauses: 24304; decisions: 38686
iteration: 94; vars: 48024; clauses: 25576; decisions: 38797
iteration: 95; vars: 48522; clauses: 26848; decisions: 38894
iteration: 96; vars: 49020; clauses: 28120; decisions: 39145
iteration: 97; vars: 49518; clauses: 29392; decisions: 39320
iteration: 98; vars: 50016; clauses: 18377; decisions: 39424
iteration: 99; vars: 50514; clauses: 19647; decisions: 39601
iteration: 100; vars: 51012; clauses: 20917; decisions: 40596
iteration: 101; vars: 51510; clauses: 22187; decisions: 42143
iteration: 102; vars: 52008; clauses: 23457; decisions: 42462
iteration: 103; vars: 52506; clauses: 24727; decisions: 42586
iteration: 104; vars: 53004; clauses: 25997; decisions: 43845
iteration: 105; vars: 53502; clauses: 27267; decisions: 44510
iteration: 106; vars: 54000; clauses: 28537; decisions: 44701
iteration: 107; vars: 54498; clauses: 29807; decisions: 46314
iteration: 108; vars: 54996; clauses: 31077; decisions: 47103
iteration: 109; vars: 55494; clauses: 32347; decisions: 47228
iteration: 110; vars: 55992; clauses: 18136; decisions: 47327
iteration: 111; vars: 56490; clauses: 19404; decisions: 47558
iteration: 112; vars: 56988; clauses: 20672; decisions: 48056
iteration: 113; vars: 57486; clauses: 21940; decisions: 48207
iteration: 114; vars: 57984; clauses: 23208; decisions: 48301
iteration: 115; vars: 58482; clauses: 24476; decisions: 48419
iteration: 116; vars: 58980; clauses: 25744; decisions: 48608
iteration: 117; vars: 59478; clauses: 27010; decisions: 48955
iteration: 118; vars: 59976; clauses: 28276; decisions: 49137
iteration: 119; vars: 60474; clauses: 29541; decisions: 49383
iteration: 120; vars: 60972; clauses: 30799; decisions: 49474
iteration: 121; vars: 61470; clauses: 32057; decisions: 50316
iteration: 122; vars: 61968; clauses: 17510; decisions: 50859
iteration: 123; vars: 62466; clauses: 18762; decisions: 50940
iteration: 124; vars: 62964; clauses: 20014; decisions: 51201
iteration: 125; vars: 63462; clauses: 21266; decisions: 51337
iteration: 126; vars: 63960; clauses: 22518; decisions: 51590
iteration: 127; vars: 64458; clauses: 23770; decisions: 51910
iteration: 128; vars: 64956; clauses: 25022; decisions: 52049
iteration: 129; vars: 65454; clauses: 26273; decisions: 52413
iteration: 130; vars: 65952; clauses: 27525; decisions: 54070
iteration: 131; vars: 66450; clauses: 28777; decisions: 54365
iteration: 132; vars: 66948; clauses: 30029; decisions: 55095
iteration: 133; vars: 67446; clauses: 31281; decisions: 55417
iteration: 134; vars: 67944; clauses: 19375; decisions: 55724
iteration: 135; vars: 68442; clauses: 20627; decisions: 56507
iteration: 136; vars: 68940; clauses: 21879; decisions: 56972
iteration: 137; vars: 69438; clauses: 23131; decisions: 57211
iteration: 138; vars: 69936; clauses: 24383; decisions: 57400
iteration: 139; vars: 70434; clauses: 25629; decisions: 57538
iteration: 140; vars: 70932; clauses: 26875; decisions: 57591
iteration: 141; vars: 71430; clauses: 28121; decisions: 57897
iteration: 142; vars: 71928; clauses: 29367; decisions: 58438
iteration: 143; vars: 72426; clauses: 30607; decisions: 58667
iteration: 144; vars: 72924; clauses: 31847; decisions: 58899
iteration: 145; vars: 73422; clauses: 33087; decisions: 59059
iteration: 146; vars: 73920; clauses: 34327; decisions: 59182
iteration: 147; vars: 74418; clauses: 35567; decisions: 59252
iteration: 148; vars: 74916; clauses: 12300; decisions: 59637
iteration: 149; vars: 75414; clauses: 13537; decisions: 59894
iteration: 150; vars: 75912; clauses: 14775; decisions: 60050
iteration: 151; vars: 76410; clauses: 16013; decisions: 60150
iteration: 152; vars: 76908; clauses: 17251; decisions: 60247
iteration: 153; vars: 77406; clauses: 18489; decisions: 60306
iteration: 154; vars: 77904; clauses: 19727; decisions: 60907
iteration: 155; vars: 78402; clauses: 20965; decisions: 60982
iteration: 156; vars: 78900; clauses: 12802; decisions: 61104
iteration: 157; vars: 79398; clauses: 14040; decisions: 61158
iteration: 158; vars: 79896; clauses: 15278; decisions: 61193
iteration: 159; vars: 80394; clauses: 16516; decisions: 61291
iteration: 160; vars: 80892; clauses: 17754; decisions: 61533
iteration: 161; vars: 81390; clauses: 18990; decisions: 62632
iteration: 162; vars: 81888; clauses: 20216; decisions: 62787
iteration: 163; vars: 82386; clauses: 21442; decisions: 62950
iteration: 164; vars: 82884; clauses: 22668; decisions: 63461
iteration: 165; vars: 83382; clauses: 23894; decisions: 63538
iteration: 166; vars: 83880; clauses: 6536; decisions: 63573
iteration: 167; vars: 84378; clauses: 7728; decisions: 63657
finished solver loop. fail_count = 0
key=10110011100000111011101111111111101100101
iteration=167; backbones_count=0; cube_count=236002; cpu_time=7.00276; maxrss=11.457
