inputs=128 keys=28 outputs=1 gates=211
iteration: 1; vars: 1450; clauses: 892; decisions: 561
iteration: 2; vars: 1870; clauses: 1882; decisions: 822
iteration: 3; vars: 2290; clauses: 1156; decisions: 1139
iteration: 4; vars: 2710; clauses: 2146; decisions: 1488
iteration: 5; vars: 3130; clauses: 3136; decisions: 1673
iteration: 6; vars: 3550; clauses: 1527; decisions: 2132
iteration: 7; vars: 3970; clauses: 2517; decisions: 2307
iteration: 8; vars: 4390; clauses: 3507; decisions: 2550
iteration: 9; vars: 4810; clauses: 1892; decisions: 2946
iteration: 10; vars: 5230; clauses: 2882; decisions: 3108
iteration: 11; vars: 5650; clauses: 3872; decisions: 3423
iteration: 12; vars: 6070; clauses: 2292; decisions: 3645
iteration: 13; vars: 6490; clauses: 3282; decisions: 3802
iteration: 14; vars: 6910; clauses: 4272; decisions: 4024
iteration: 15; vars: 7330; clauses: 5262; decisions: 4230
iteration: 16; vars: 7750; clauses: 2774; decisions: 4409
iteration: 17; vars: 8170; clauses: 3764; decisions: 4578
iteration: 18; vars: 8590; clauses: 4754; decisions: 4811
iteration: 19; vars: 9010; clauses: 5744; decisions: 5214
iteration: 20; vars: 9430; clauses: 3341; decisions: 5429
iteration: 21; vars: 9850; clauses: 4331; decisions: 5576
iteration: 22; vars: 10270; clauses: 5321; decisions: 5794
iteration: 23; vars: 10690; clauses: 6311; decisions: 5991
iteration: 24; vars: 11110; clauses: 3811; decisions: 6147
iteration: 25; vars: 11530; clauses: 4801; decisions: 6485
iteration: 26; vars: 11950; clauses: 5791; decisions: 6638
iteration: 27; vars: 12370; clauses: 6781; decisions: 6943
iteration: 28; vars: 12790; clauses: 7771; decisions: 7157
iteration: 29; vars: 13210; clauses: 4292; decisions: 7591
iteration: 30; vars: 13630; clauses: 5282; decisions: 7721
iteration: 31; vars: 14050; clauses: 6272; decisions: 7859
iteration: 32; vars: 14470; clauses: 7262; decisions: 8018
iteration: 33; vars: 14890; clauses: 8252; decisions: 8149
iteration: 34; vars: 15310; clauses: 4764; decisions: 8327
iteration: 35; vars: 15730; clauses: 5754; decisions: 8457
iteration: 36; vars: 16150; clauses: 6744; decisions: 8607
iteration: 37; vars: 16570; clauses: 7734; decisions: 8714
iteration: 38; vars: 16990; clauses: 8724; decisions: 8932
iteration: 39; vars: 17410; clauses: 5364; decisions: 9041
iteration: 40; vars: 17830; clauses: 6354; decisions: 9172
iteration: 41; vars: 18250; clauses: 7344; decisions: 9354
iteration: 42; vars: 18670; clauses: 8334; decisions: 9607
iteration: 43; vars: 19090; clauses: 9324; decisions: 9759
iteration: 44; vars: 19510; clauses: 10314; decisions: 9888
iteration: 45; vars: 19930; clauses: 6031; decisions: 9992
iteration: 46; vars: 20350; clauses: 7021; decisions: 10357
iteration: 47; vars: 20770; clauses: 8011; decisions: 10527
iteration: 48; vars: 21190; clauses: 9001; decisions: 11119
iteration: 49; vars: 21610; clauses: 9991; decisions: 11313
iteration: 50; vars: 22030; clauses: 10981; decisions: 11420
iteration: 51; vars: 22450; clauses: 6702; decisions: 11733
iteration: 52; vars: 22870; clauses: 7692; decisions: 11895
iteration: 53; vars: 23290; clauses: 8682; decisions: 11990
iteration: 54; vars: 23710; clauses: 9672; decisions: 12130
iteration: 55; vars: 24130; clauses: 10662; decisions: 12327
iteration: 56; vars: 24550; clauses: 11652; decisions: 12541
iteration: 57; vars: 24970; clauses: 12642; decisions: 12673
iteration: 58; vars: 25390; clauses: 7498; decisions: 12788
iteration: 59; vars: 25810; clauses: 8488; decisions: 12891
iteration: 60; vars: 26230; clauses: 9478; decisions: 13017
iteration: 61; vars: 26650; clauses: 10468; decisions: 13119
iteration: 62; vars: 27070; clauses: 11458; decisions: 13285
iteration: 63; vars: 27490; clauses: 12448; decisions: 13462
iteration: 64; vars: 27910; clauses: 13438; decisions: 13926
iteration: 65; vars: 28330; clauses: 14428; decisions: 14323
iteration: 66; vars: 28750; clauses: 8450; decisions: 14501
iteration: 67; vars: 29170; clauses: 9440; decisions: 14647
iteration: 68; vars: 29590; clauses: 10430; decisions: 14904
iteration: 69; vars: 30010; clauses: 11420; decisions: 15130
iteration: 70; vars: 30430; clauses: 12410; decisions: 16084
iteration: 71; vars: 30850; clauses: 13400; decisions: 16277
iteration: 72; vars: 31270; clauses: 14390; decisions: 16620
iteration: 73; vars: 31690; clauses: 15380; decisions: 16741
iteration: 74; vars: 32110; clauses: 9239; decisions: 16856
iteration: 75; vars: 32530; clauses: 10229; decisions: 17342
iteration: 76; vars: 32950; clauses: 11219; decisions: 17606
iteration: 77; vars: 33370; clauses: 12209; decisions: 17914
iteration: 78; vars: 33790; clauses: 13199; decisions: 18015
iteration: 79; vars: 34210; clauses: 14189; decisions: 18182
iteration: 80; vars: 34630; clauses: 15179; decisions: 18264
iteration: 81; vars: 35050; clauses: 16169; decisions: 18412
iteration: 82; vars: 35470; clauses: 17159; decisions: 18602
iteration: 83; vars: 35890; clauses: 10274; decisions: 18870
iteration: 84; vars: 36310; clauses: 11264; decisions: 18969
iteration: 85; vars: 36730; clauses: 12254; decisions: 19063
iteration: 86; vars: 37150; clauses: 13244; decisions: 19165
iteration: 87; vars: 37570; clauses: 14234; decisions: 20118
iteration: 88; vars: 37990; clauses: 15224; decisions: 20263
iteration: 89; vars: 38410; clauses: 16214; decisions: 20408
iteration: 90; vars: 38830; clauses: 17204; decisions: 20518
iteration: 91; vars: 39250; clauses: 18194; decisions: 20646
iteration: 92; vars: 39670; clauses: 11433; decisions: 20735
iteration: 93; vars: 40090; clauses: 12423; decisions: 20856
iteration: 94; vars: 40510; clauses: 13413; decisions: 20994
iteration: 95; vars: 40930; clauses: 14403; decisions: 21799
iteration: 96; vars: 41350; clauses: 15393; decisions: 21885
iteration: 97; vars: 41770; clauses: 16383; decisions: 22380
iteration: 98; vars: 42190; clauses: 17373; decisions: 22463
iteration: 99; vars: 42610; clauses: 18363; decisions: 22547
iteration: 100; vars: 43030; clauses: 19353; decisions: 22799
iteration: 101; vars: 43450; clauses: 20343; decisions: 23150
iteration: 102; vars: 43870; clauses: 12624; decisions: 23206
iteration: 103; vars: 44290; clauses: 13614; decisions: 23259
iteration: 104; vars: 44710; clauses: 14604; decisions: 23448
iteration: 105; vars: 45130; clauses: 15594; decisions: 24587
iteration: 106; vars: 45550; clauses: 16584; decisions: 24701
iteration: 107; vars: 45970; clauses: 17574; decisions: 24868
iteration: 108; vars: 46390; clauses: 18564; decisions: 24935
iteration: 109; vars: 46810; clauses: 19554; decisions: 25094
iteration: 110; vars: 47230; clauses: 20544; decisions: 25827
iteration: 111; vars: 47650; clauses: 21532; decisions: 26597
iteration: 112; vars: 48070; clauses: 22520; decisions: 26769
iteration: 113; vars: 48490; clauses: 11906; decisions: 26831
iteration: 114; vars: 48910; clauses: 12892; decisions: 27118
iteration: 115; vars: 49330; clauses: 13878; decisions: 27220
iteration: 116; vars: 49750; clauses: 14864; decisions: 27665
iteration: 117; vars: 50170; clauses: 15846; decisions: 27788
iteration: 118; vars: 50590; clauses: 16828; decisions: 27828
iteration: 119; vars: 51010; clauses: 17810; decisions: 28080
iteration: 120; vars: 51430; clauses: 18790; decisions: 28159
iteration: 121; vars: 51850; clauses: 19769; decisions: 28333
finished solver loop. fail_count = 0
key=1011001110000011101110111111
iteration=121; backbones_count=0; cube_count=136526; cpu_time=3.134; maxrss=8.71094
