inputs=128 keys=47 outputs=1 gates=268
iteration: 1; vars: 1830; clauses: 1454; decisions: 1060
iteration: 2; vars: 2364; clauses: 2862; decisions: 1252
iteration: 3; vars: 2898; clauses: 1860; decisions: 2940
iteration: 4; vars: 3432; clauses: 3268; decisions: 3184
iteration: 5; vars: 3966; clauses: 4676; decisions: 3433
iteration: 6; vars: 4500; clauses: 2398; decisions: 4232
iteration: 7; vars: 5034; clauses: 3806; decisions: 4504
iteration: 8; vars: 5568; clauses: 5214; decisions: 5119
iteration: 9; vars: 6102; clauses: 3083; decisions: 5481
iteration: 10; vars: 6636; clauses: 4491; decisions: 6180
iteration: 11; vars: 7170; clauses: 5899; decisions: 6446
iteration: 12; vars: 7704; clauses: 3682; decisions: 6897
iteration: 13; vars: 8238; clauses: 5090; decisions: 7165
iteration: 14; vars: 8772; clauses: 6498; decisions: 7384
iteration: 15; vars: 9306; clauses: 4439; decisions: 7764
iteration: 16; vars: 9840; clauses: 5847; decisions: 8080
iteration: 17; vars: 10374; clauses: 7255; decisions: 8455
iteration: 18; vars: 10908; clauses: 5208; decisions: 8755
iteration: 19; vars: 11442; clauses: 6616; decisions: 9133
iteration: 20; vars: 11976; clauses: 8024; decisions: 9884
iteration: 21; vars: 12510; clauses: 9432; decisions: 10542
iteration: 22; vars: 13044; clauses: 6220; decisions: 10729
iteration: 23; vars: 13578; clauses: 7628; decisions: 10919
iteration: 24; vars: 14112; clauses: 9036; decisions: 11570
iteration: 25; vars: 14646; clauses: 10444; decisions: 11904
iteration: 26; vars: 15180; clauses: 7136; decisions: 12111
iteration: 27; vars: 15714; clauses: 8544; decisions: 12319
iteration: 28; vars: 16248; clauses: 9952; decisions: 12530
iteration: 29; vars: 16782; clauses: 11360; decisions: 12730
iteration: 30; vars: 17316; clauses: 12768; decisions: 12934
iteration: 31; vars: 17850; clauses: 8095; decisions: 13206
iteration: 32; vars: 18384; clauses: 9503; decisions: 13397
iteration: 33; vars: 18918; clauses: 10911; decisions: 13590
iteration: 34; vars: 19452; clauses: 12319; decisions: 14190
iteration: 35; vars: 19986; clauses: 13727; decisions: 14383
iteration: 36; vars: 20520; clauses: 9094; decisions: 14568
iteration: 37; vars: 21054; clauses: 10502; decisions: 14765
iteration: 38; vars: 21588; clauses: 11910; decisions: 14941
iteration: 39; vars: 22122; clauses: 13318; decisions: 15333
iteration: 40; vars: 22656; clauses: 14726; decisions: 15573
iteration: 41; vars: 23190; clauses: 16134; decisions: 15916
iteration: 42; vars: 23724; clauses: 10399; decisions: 16096
iteration: 43; vars: 24258; clauses: 11807; decisions: 16297
iteration: 44; vars: 24792; clauses: 13215; decisions: 16560
iteration: 45; vars: 25326; clauses: 14623; decisions: 16773
iteration: 46; vars: 25860; clauses: 16031; decisions: 16981
iteration: 47; vars: 26394; clauses: 17439; decisions: 17301
iteration: 48; vars: 26928; clauses: 18847; decisions: 17509
iteration: 49; vars: 27462; clauses: 12012; decisions: 17707
iteration: 50; vars: 27996; clauses: 13420; decisions: 17991
iteration: 51; vars: 28530; clauses: 14828; decisions: 18409
iteration: 52; vars: 29064; clauses: 16236; decisions: 18629
iteration: 53; vars: 29598; clauses: 17644; decisions: 18840
iteration: 54; vars: 30132; clauses: 19052; decisions: 19692
iteration: 55; vars: 30666; clauses: 20460; decisions: 20215
iteration: 56; vars: 31200; clauses: 21868; decisions: 20724
iteration: 57; vars: 31734; clauses: 13732; decisions: 21299
iteration: 58; vars: 32268; clauses: 15140; decisions: 21491
iteration: 59; vars: 32802; clauses: 16548; decisions: 21977
iteration: 60; vars: 33336; clauses: 17956; decisions: 22199
iteration: 61; vars: 33870; clauses: 19364; decisions: 22451
iteration: 62; vars: 34404; clauses: 20772; decisions: 22809
iteration: 63; vars: 34938; clauses: 22180; decisions: 22976
iteration: 64; vars: 35472; clauses: 23588; decisions: 23253
iteration: 65; vars: 36006; clauses: 24996; decisions: 23476
iteration: 66; vars: 36540; clauses: 15448; decisions: 23653
iteration: 67; vars: 37074; clauses: 16856; decisions: 23857
iteration: 68; vars: 37608; clauses: 18264; decisions: 24139
iteration: 69; vars: 38142; clauses: 19672; decisions: 24465
iteration: 70; vars: 38676; clauses: 21080; decisions: 25186
iteration: 71; vars: 39210; clauses: 22488; decisions: 25881
iteration: 72; vars: 39744; clauses: 23896; decisions: 26269
iteration: 73; vars: 40278; clauses: 25304; decisions: 26604
iteration: 74; vars: 40812; clauses: 26712; decisions: 26859
iteration: 75; vars: 41346; clauses: 28120; decisions: 27209
iteration: 76; vars: 41880; clauses: 17262; decisions: 27386
iteration: 77; vars: 42414; clauses: 18670; decisions: 27560
iteration: 78; vars: 42948; clauses: 20078; decisions: 27736
iteration: 79; vars: 43482; clauses: 21486; decisions: 28168
iteration: 80; vars: 44016; clauses: 22894; decisions: 28351
iteration: 81; vars: 44550; clauses: 24302; decisions: 28637
iteration: 82; vars: 45084; clauses: 25710; decisions: 28917
iteration: 83; vars: 45618; clauses: 27118; decisions: 29117
iteration: 84; vars: 46152; clauses: 28526; decisions: 29305
iteration: 85; vars: 46686; clauses: 29934; decisions: 29608
iteration: 86; vars: 47220; clauses: 19422; decisions: 29884
iteration: 87; vars: 47754; clauses: 20830; decisions: 30047
iteration: 88; vars: 48288; clauses: 22238; decisions: 30353
iteration: 89; vars: 48822; clauses: 23646; decisions: 31486
iteration: 90; vars: 49356; clauses: 25054; decisions: 32685
iteration: 91; vars: 49890; clauses: 26462; decisions: 33314
iteration: 92; vars: 50424; clauses: 27870; decisions: 33696
iteration: 93; vars: 50958; clauses: 29278; decisions: 34434
iteration: 94; vars: 51492; clauses: 30686; decisions: 34630
iteration: 95; vars: 52026; clauses: 32094; decisions: 34936
iteration: 96; vars: 52560; clauses: 33502; decisions: 35187
iteration: 97; vars: 53094; clauses: 22145; decisions: 35400
iteration: 98; vars: 53628; clauses: 23553; decisions: 35620
iteration: 99; vars: 54162; clauses: 24961; decisions: 36015
iteration: 100; vars: 54696; clauses: 26369; decisions: 36260
iteration: 101; vars: 55230; clauses: 27777; decisions: 36689
iteration: 102; vars: 55764; clauses: 29185; decisions: 36870
iteration: 103; vars: 56298; clauses: 30593; decisions: 37663
iteration: 104; vars: 56832; clauses: 32001; decisions: 37963
iteration: 105; vars: 57366; clauses: 33409; decisions: 38284
iteration: 106; vars: 57900; clauses: 34817; decisions: 38697
iteration: 107; vars: 58434; clauses: 36225; decisions: 39413
iteration: 108; vars: 58968; clauses: 37633; decisions: 39580
iteration: 109; vars: 59502; clauses: 24966; decisions: 39921
iteration: 110; vars: 60036; clauses: 26374; decisions: 40261
iteration: 111; vars: 60570; clauses: 27782; decisions: 40497
iteration: 112; vars: 61104; clauses: 29190; decisions: 40963
iteration: 113; vars: 61638; clauses: 30598; decisions: 41291
iteration: 114; vars: 62172; clauses: 32006; decisions: 41458
iteration: 115; vars: 62706; clauses: 33414; decisions: 42019
iteration: 116; vars: 63240; clauses: 34822; decisions: 42179
iteration: 117; vars: 63774; clauses: 36230; decisions: 42340
iteration: 118; vars: 64308; clauses: 37638; decisions: 43763
iteration: 119; vars: 64842; clauses: 39046; decisions: 45033
iteration: 120; vars: 65376; clauses: 40454; decisions: 45226
iteration: 121; vars: 65910; clauses: 41862; decisions: 45597
iteration: 122; vars: 66444; clauses: 43270; decisions: 46150
iteration: 123; vars: 66978; clauses: 28419; decisions: 46337
iteration: 124; vars: 67512; clauses: 29827; decisions: 46519
iteration: 125; vars: 68046; clauses: 31235; decisions: 47083
iteration: 126; vars: 68580; clauses: 32643; decisions: 47291
iteration: 127; vars: 69114; clauses: 34051; decisions: 47540
iteration: 128; vars: 69648; clauses: 35459; decisions: 47712
iteration: 129; vars: 70182; clauses: 36867; decisions: 47914
iteration: 130; vars: 70716; clauses: 38275; decisions: 48121
iteration: 131; vars: 71250; clauses: 39683; decisions: 48386
iteration: 132; vars: 71784; clauses: 41091; decisions: 48623
iteration: 133; vars: 72318; clauses: 42499; decisions: 48864
iteration: 134; vars: 72852; clauses: 43907; decisions: 49051
iteration: 135; vars: 73386; clauses: 45315; decisions: 49241
iteration: 136; vars: 73920; clauses: 46723; decisions: 49442
iteration: 137; vars: 74454; clauses: 48131; decisions: 50169
iteration: 138; vars: 74988; clauses: 49539; decisions: 50490
iteration: 139; vars: 75522; clauses: 32188; decisions: 50802
iteration: 140; vars: 76056; clauses: 33596; decisions: 51056
iteration: 141; vars: 76590; clauses: 35004; decisions: 51446
iteration: 142; vars: 77124; clauses: 36412; decisions: 52529
iteration: 143; vars: 77658; clauses: 37820; decisions: 53045
iteration: 144; vars: 78192; clauses: 39228; decisions: 53653
iteration: 145; vars: 78726; clauses: 40636; decisions: 54662
iteration: 146; vars: 79260; clauses: 42044; decisions: 54941
iteration: 147; vars: 79794; clauses: 43452; decisions: 55642
iteration: 148; vars: 80328; clauses: 44860; decisions: 55791
iteration: 149; vars: 80862; clauses: 46268; decisions: 56629
iteration: 150; vars: 81396; clauses: 47676; decisions: 56895
iteration: 151; vars: 81930; clauses: 49084; decisions: 57101
iteration: 152; vars: 82464; clauses: 50492; decisions: 57444
iteration: 153; vars: 82998; clauses: 51900; decisions: 59427
iteration: 154; vars: 83532; clauses: 53308; decisions: 59578
iteration: 155; vars: 84066; clauses: 54716; decisions: 60567
iteration: 156; vars: 84600; clauses: 56124; decisions: 60781
iteration: 157; vars: 85134; clauses: 36118; decisions: 61742
iteration: 158; vars: 85668; clauses: 37526; decisions: 61920
iteration: 159; vars: 86202; clauses: 38934; decisions: 62120
iteration: 160; vars: 86736; clauses: 40342; decisions: 62399
iteration: 161; vars: 87270; clauses: 41750; decisions: 63072
iteration: 162; vars: 87804; clauses: 43158; decisions: 63429
iteration: 163; vars: 88338; clauses: 44566; decisions: 63586
iteration: 164; vars: 88872; clauses: 45974; decisions: 63839
iteration: 165; vars: 89406; clauses: 47382; decisions: 64384
iteration: 166; vars: 89940; clauses: 48790; decisions: 64626
iteration: 167; vars: 90474; clauses: 50198; decisions: 66661
iteration: 168; vars: 91008; clauses: 51606; decisions: 66842
iteration: 169; vars: 91542; clauses: 53014; decisions: 67082
iteration: 170; vars: 92076; clauses: 54422; decisions: 67294
iteration: 171; vars: 92610; clauses: 55830; decisions: 67491
iteration: 172; vars: 93144; clauses: 57238; decisions: 67679
iteration: 173; vars: 93678; clauses: 58646; decisions: 68993
iteration: 174; vars: 94212; clauses: 60054; decisions: 70166
iteration: 175; vars: 94746; clauses: 61462; decisions: 70343
iteration: 176; vars: 95280; clauses: 62870; decisions: 70526
iteration: 177; vars: 95814; clauses: 40973; decisions: 70783
iteration: 178; vars: 96348; clauses: 42381; decisions: 71457
iteration: 179; vars: 96882; clauses: 43789; decisions: 71619
iteration: 180; vars: 97416; clauses: 45197; decisions: 71840
iteration: 181; vars: 97950; clauses: 46605; decisions: 72697
iteration: 182; vars: 98484; clauses: 48013; decisions: 72855
iteration: 183; vars: 99018; clauses: 49421; decisions: 73120
iteration: 184; vars: 99552; clauses: 50829; decisions: 73907
iteration: 185; vars: 100086; clauses: 52237; decisions: 74075
iteration: 186; vars: 100620; clauses: 53645; decisions: 74238
iteration: 187; vars: 101154; clauses: 55053; decisions: 74399
iteration: 188; vars: 101688; clauses: 56461; decisions: 74567
iteration: 189; vars: 102222; clauses: 57869; decisions: 75015
iteration: 190; vars: 102756; clauses: 59277; decisions: 75172
iteration: 191; vars: 103290; clauses: 60685; decisions: 75321
iteration: 192; vars: 103824; clauses: 62093; decisions: 75706
iteration: 193; vars: 104358; clauses: 63501; decisions: 77529
iteration: 194; vars: 104892; clauses: 64909; decisions: 77685
iteration: 195; vars: 105426; clauses: 66317; decisions: 77989
iteration: 196; vars: 105960; clauses: 67725; decisions: 78193
iteration: 197; vars: 106494; clauses: 69133; decisions: 78352
iteration: 198; vars: 107028; clauses: 70541; decisions: 79973
iteration: 199; vars: 107562; clauses: 71949; decisions: 80780
iteration: 200; vars: 108096; clauses: 73357; decisions: 80922
iteration: 201; vars: 108630; clauses: 46340; decisions: 81127
iteration: 202; vars: 109164; clauses: 47748; decisions: 81282
iteration: 203; vars: 109698; clauses: 49156; decisions: 81443
iteration: 204; vars: 110232; clauses: 50564; decisions: 82231
iteration: 205; vars: 110766; clauses: 51972; decisions: 82396
iteration: 206; vars: 111300; clauses: 53380; decisions: 82667
iteration: 207; vars: 111834; clauses: 54788; decisions: 82904
iteration: 208; vars: 112368; clauses: 56196; decisions: 83305
iteration: 209; vars: 112902; clauses: 57604; decisions: 84183
iteration: 210; vars: 113436; clauses: 59012; decisions: 85084
iteration: 211; vars: 113970; clauses: 60420; decisions: 85546
iteration: 212; vars: 114504; clauses: 61828; decisions: 86300
iteration: 213; vars: 115038; clauses: 63236; decisions: 86927
iteration: 214; vars: 115572; clauses: 64644; decisions: 87109
iteration: 215; vars: 116106; clauses: 66052; decisions: 87983
iteration: 216; vars: 116640; clauses: 67460; decisions: 88163
iteration: 217; vars: 117174; clauses: 68868; decisions: 88343
iteration: 218; vars: 117708; clauses: 70276; decisions: 89464
iteration: 219; vars: 118242; clauses: 71684; decisions: 89648
iteration: 220; vars: 118776; clauses: 73092; decisions: 89895
iteration: 221; vars: 119310; clauses: 74500; decisions: 90163
iteration: 222; vars: 119844; clauses: 75908; decisions: 91035
iteration: 223; vars: 120378; clauses: 77316; decisions: 91233
iteration: 224; vars: 120912; clauses: 78724; decisions: 91446
iteration: 225; vars: 121446; clauses: 80132; decisions: 91668
iteration: 226; vars: 121980; clauses: 81540; decisions: 92188
iteration: 227; vars: 122514; clauses: 52262; decisions: 92341
iteration: 228; vars: 123048; clauses: 53670; decisions: 92484
iteration: 229; vars: 123582; clauses: 55078; decisions: 93488
iteration: 230; vars: 124116; clauses: 56486; decisions: 93638
iteration: 231; vars: 124650; clauses: 57894; decisions: 93771
iteration: 232; vars: 125184; clauses: 59302; decisions: 94038
iteration: 233; vars: 125718; clauses: 60710; decisions: 94232
iteration: 234; vars: 126252; clauses: 62118; decisions: 94371
iteration: 235; vars: 126786; clauses: 63526; decisions: 94889
iteration: 236; vars: 127320; clauses: 64934; decisions: 95047
iteration: 237; vars: 127854; clauses: 66342; decisions: 95218
iteration: 238; vars: 128388; clauses: 67750; decisions: 95680
iteration: 239; vars: 128922; clauses: 69158; decisions: 95814
iteration: 240; vars: 129456; clauses: 70566; decisions: 96246
iteration: 241; vars: 129990; clauses: 71974; decisions: 96473
iteration: 242; vars: 130524; clauses: 73382; decisions: 96915
iteration: 243; vars: 131058; clauses: 74790; decisions: 97101
iteration: 244; vars: 131592; clauses: 76198; decisions: 97963
iteration: 245; vars: 132126; clauses: 77606; decisions: 98109
iteration: 246; vars: 132660; clauses: 79014; decisions: 98391
iteration: 247; vars: 133194; clauses: 80422; decisions: 98552
iteration: 248; vars: 133728; clauses: 81830; decisions: 99156
iteration: 249; vars: 134262; clauses: 83238; decisions: 99467
iteration: 250; vars: 134796; clauses: 84646; decisions: 100478
iteration: 251; vars: 135330; clauses: 86054; decisions: 100756
iteration: 252; vars: 135864; clauses: 87462; decisions: 101964
iteration: 253; vars: 136398; clauses: 88870; decisions: 102131
iteration: 254; vars: 136932; clauses: 59185; decisions: 102381
iteration: 255; vars: 137466; clauses: 60593; decisions: 102749
iteration: 256; vars: 138000; clauses: 62001; decisions: 103476
iteration: 257; vars: 138534; clauses: 63409; decisions: 106433
iteration: 258; vars: 139068; clauses: 64817; decisions: 109750
iteration: 259; vars: 139602; clauses: 66225; decisions: 110044
iteration: 260; vars: 140136; clauses: 67633; decisions: 110345
iteration: 261; vars: 140670; clauses: 69041; decisions: 110877
iteration: 262; vars: 141204; clauses: 70449; decisions: 111036
iteration: 263; vars: 141738; clauses: 71857; decisions: 111310
iteration: 264; vars: 142272; clauses: 73265; decisions: 111556
iteration: 265; vars: 142806; clauses: 74673; decisions: 111854
iteration: 266; vars: 143340; clauses: 76081; decisions: 112188
iteration: 267; vars: 143874; clauses: 77489; decisions: 113493
iteration: 268; vars: 144408; clauses: 78897; decisions: 113659
iteration: 269; vars: 144942; clauses: 80305; decisions: 113930
iteration: 270; vars: 145476; clauses: 81713; decisions: 114079
iteration: 271; vars: 146010; clauses: 83121; decisions: 114538
iteration: 272; vars: 146544; clauses: 84529; decisions: 115002
iteration: 273; vars: 147078; clauses: 85937; decisions: 115173
iteration: 274; vars: 147612; clauses: 87345; decisions: 115798
iteration: 275; vars: 148146; clauses: 88753; decisions: 115976
iteration: 276; vars: 148680; clauses: 90161; decisions: 117694
iteration: 277; vars: 149214; clauses: 91569; decisions: 117837
iteration: 278; vars: 149748; clauses: 92977; decisions: 118080
iteration: 279; vars: 150282; clauses: 94385; decisions: 120654
iteration: 280; vars: 150816; clauses: 95793; decisions: 121450
iteration: 281; vars: 151350; clauses: 97201; decisions: 121707
iteration: 282; vars: 151884; clauses: 98609; decisions: 121908
iteration: 283; vars: 152418; clauses: 100017; decisions: 122134
iteration: 284; vars: 152952; clauses: 101425; decisions: 123450
iteration: 285; vars: 153486; clauses: 67118; decisions: 123595
iteration: 286; vars: 154020; clauses: 68526; decisions: 123911
iteration: 287; vars: 154554; clauses: 69934; decisions: 125076
iteration: 288; vars: 155088; clauses: 71342; decisions: 125328
iteration: 289; vars: 155622; clauses: 72750; decisions: 125597
iteration: 290; vars: 156156; clauses: 74158; decisions: 126427
iteration: 291; vars: 156690; clauses: 75566; decisions: 126709
iteration: 292; vars: 157224; clauses: 76974; decisions: 127057
iteration: 293; vars: 157758; clauses: 78382; decisions: 127339
iteration: 294; vars: 158292; clauses: 79790; decisions: 129015
iteration: 295; vars: 158826; clauses: 81198; decisions: 129164
iteration: 296; vars: 159360; clauses: 82606; decisions: 129476
iteration: 297; vars: 159894; clauses: 84014; decisions: 138693
iteration: 298; vars: 160428; clauses: 85422; decisions: 138835
iteration: 299; vars: 160962; clauses: 86830; decisions: 142243
iteration: 300; vars: 161496; clauses: 88238; decisions: 142376
iteration: 301; vars: 162030; clauses: 89646; decisions: 142511
iteration: 302; vars: 162564; clauses: 91054; decisions: 142644
iteration: 303; vars: 163098; clauses: 92462; decisions: 142786
iteration: 304; vars: 163632; clauses: 93870; decisions: 143611
iteration: 305; vars: 164166; clauses: 95278; decisions: 143766
iteration: 306; vars: 164700; clauses: 96686; decisions: 144526
iteration: 307; vars: 165234; clauses: 98094; decisions: 144865
iteration: 308; vars: 165768; clauses: 99502; decisions: 145364
iteration: 309; vars: 166302; clauses: 100910; decisions: 145515
iteration: 310; vars: 166836; clauses: 102318; decisions: 145659
iteration: 311; vars: 167370; clauses: 103726; decisions: 145793
iteration: 312; vars: 167904; clauses: 105134; decisions: 147838
iteration: 313; vars: 168438; clauses: 106542; decisions: 148806
iteration: 314; vars: 168972; clauses: 107950; decisions: 148955
iteration: 315; vars: 169506; clauses: 109358; decisions: 149257
iteration: 316; vars: 170040; clauses: 110766; decisions: 151154
iteration: 317; vars: 170574; clauses: 112174; decisions: 151366
iteration: 318; vars: 171108; clauses: 113582; decisions: 151509
iteration: 319; vars: 171642; clauses: 76109; decisions: 151643
iteration: 320; vars: 172176; clauses: 77517; decisions: 151782
iteration: 321; vars: 172710; clauses: 78925; decisions: 152042
iteration: 322; vars: 173244; clauses: 80333; decisions: 152383
iteration: 323; vars: 173778; clauses: 81741; decisions: 158965
iteration: 324; vars: 174312; clauses: 83149; decisions: 159114
iteration: 325; vars: 174846; clauses: 84557; decisions: 159607
iteration: 326; vars: 175380; clauses: 85965; decisions: 160286
iteration: 327; vars: 175914; clauses: 87373; decisions: 160457
iteration: 328; vars: 176448; clauses: 88781; decisions: 164280
iteration: 329; vars: 176982; clauses: 90189; decisions: 165556
iteration: 330; vars: 177516; clauses: 91597; decisions: 165688
iteration: 331; vars: 178050; clauses: 93005; decisions: 168363
iteration: 332; vars: 178584; clauses: 94413; decisions: 169354
iteration: 333; vars: 179118; clauses: 95821; decisions: 169475
iteration: 334; vars: 179652; clauses: 97229; decisions: 171640
iteration: 335; vars: 180186; clauses: 98637; decisions: 171784
iteration: 336; vars: 180720; clauses: 100045; decisions: 172335
iteration: 337; vars: 181254; clauses: 101453; decisions: 172451
iteration: 338; vars: 181788; clauses: 102861; decisions: 175285
iteration: 339; vars: 182322; clauses: 104269; decisions: 175430
iteration: 340; vars: 182856; clauses: 105677; decisions: 177135
iteration: 341; vars: 183390; clauses: 107085; decisions: 177269
iteration: 342; vars: 183924; clauses: 108493; decisions: 178059
iteration: 343; vars: 184458; clauses: 109901; decisions: 178198
iteration: 344; vars: 184992; clauses: 111309; decisions: 178334
iteration: 345; vars: 185526; clauses: 112717; decisions: 178474
iteration: 346; vars: 186060; clauses: 114125; decisions: 180693
iteration: 347; vars: 186594; clauses: 115531; decisions: 180942
iteration: 348; vars: 187128; clauses: 116937; decisions: 181858
iteration: 349; vars: 187662; clauses: 118343; decisions: 182756
iteration: 350; vars: 188196; clauses: 119749; decisions: 183605
iteration: 351; vars: 188730; clauses: 121155; decisions: 183824
iteration: 352; vars: 189264; clauses: 122561; decisions: 184271
iteration: 353; vars: 189798; clauses: 123967; decisions: 187360
iteration: 354; vars: 190332; clauses: 125371; decisions: 187488
iteration: 355; vars: 190866; clauses: 126775; decisions: 189375
iteration: 356; vars: 191400; clauses: 128179; decisions: 189627
iteration: 357; vars: 191934; clauses: 129583; decisions: 190874
iteration: 358; vars: 192468; clauses: 130987; decisions: 193240
iteration: 359; vars: 193002; clauses: 78397; decisions: 194171
iteration: 360; vars: 193536; clauses: 79801; decisions: 194697
iteration: 361; vars: 194070; clauses: 81205; decisions: 194907
iteration: 362; vars: 194604; clauses: 82608; decisions: 196659
iteration: 363; vars: 195138; clauses: 84012; decisions: 197032
iteration: 364; vars: 195672; clauses: 85416; decisions: 197459
iteration: 365; vars: 196206; clauses: 86818; decisions: 201561
iteration: 366; vars: 196740; clauses: 88222; decisions: 201747
iteration: 367; vars: 197274; clauses: 89626; decisions: 202124
iteration: 368; vars: 197808; clauses: 91030; decisions: 203185
iteration: 369; vars: 198342; clauses: 92434; decisions: 203389
iteration: 370; vars: 198876; clauses: 93838; decisions: 203895
iteration: 371; vars: 199410; clauses: 95242; decisions: 204095
iteration: 372; vars: 199944; clauses: 96646; decisions: 204301
iteration: 373; vars: 200478; clauses: 98050; decisions: 205283
iteration: 374; vars: 201012; clauses: 99454; decisions: 205509
iteration: 375; vars: 201546; clauses: 100858; decisions: 206703
iteration: 376; vars: 202080; clauses: 102262; decisions: 207074
iteration: 377; vars: 202614; clauses: 103666; decisions: 207443
iteration: 378; vars: 203148; clauses: 105070; decisions: 207652
iteration: 379; vars: 203682; clauses: 106474; decisions: 208207
iteration: 380; vars: 204216; clauses: 107878; decisions: 208348
iteration: 381; vars: 204750; clauses: 109282; decisions: 209080
iteration: 382; vars: 205284; clauses: 110686; decisions: 209400
iteration: 383; vars: 205818; clauses: 112090; decisions: 209691
iteration: 384; vars: 206352; clauses: 113494; decisions: 210277
iteration: 385; vars: 206886; clauses: 114897; decisions: 210669
iteration: 386; vars: 207420; clauses: 116301; decisions: 212066
iteration: 387; vars: 207954; clauses: 117705; decisions: 212377
iteration: 388; vars: 208488; clauses: 119109; decisions: 213254
iteration: 389; vars: 209022; clauses: 120512; decisions: 216064
iteration: 390; vars: 209556; clauses: 121916; decisions: 216207
iteration: 391; vars: 210090; clauses: 123320; decisions: 216353
iteration: 392; vars: 210624; clauses: 124724; decisions: 217021
iteration: 393; vars: 211158; clauses: 126128; decisions: 218274
iteration: 394; vars: 211692; clauses: 127532; decisions: 218980
iteration: 395; vars: 212226; clauses: 128935; decisions: 224062
iteration: 396; vars: 212760; clauses: 130339; decisions: 224680
iteration: 397; vars: 213294; clauses: 131743; decisions: 224826
iteration: 398; vars: 213828; clauses: 87633; decisions: 225500
iteration: 399; vars: 214362; clauses: 89037; decisions: 225792
iteration: 400; vars: 214896; clauses: 90441; decisions: 226026
iteration: 401; vars: 215430; clauses: 91845; decisions: 226443
iteration: 402; vars: 215964; clauses: 93249; decisions: 228242
iteration: 403; vars: 216498; clauses: 94653; decisions: 229915
iteration: 404; vars: 217032; clauses: 96057; decisions: 230138
iteration: 405; vars: 217566; clauses: 97461; decisions: 230507
iteration: 406; vars: 218100; clauses: 98865; decisions: 230643
iteration: 407; vars: 218634; clauses: 100269; decisions: 230773
iteration: 408; vars: 219168; clauses: 101673; decisions: 230935
iteration: 409; vars: 219702; clauses: 103077; decisions: 231283
iteration: 410; vars: 220236; clauses: 104481; decisions: 233723
iteration: 411; vars: 220770; clauses: 105885; decisions: 234535
iteration: 412; vars: 221304; clauses: 107289; decisions: 235355
iteration: 413; vars: 221838; clauses: 108693; decisions: 236322
iteration: 414; vars: 222372; clauses: 110097; decisions: 236698
iteration: 415; vars: 222906; clauses: 111501; decisions: 237187
iteration: 416; vars: 223440; clauses: 112905; decisions: 237321
iteration: 417; vars: 223974; clauses: 114309; decisions: 237777
iteration: 418; vars: 224508; clauses: 115713; decisions: 237918
iteration: 419; vars: 225042; clauses: 117117; decisions: 238261
iteration: 420; vars: 225576; clauses: 118521; decisions: 238390
iteration: 421; vars: 226110; clauses: 119925; decisions: 239006
iteration: 422; vars: 226644; clauses: 121329; decisions: 239432
iteration: 423; vars: 227178; clauses: 122733; decisions: 239958
iteration: 424; vars: 227712; clauses: 124137; decisions: 240061
iteration: 425; vars: 228246; clauses: 125541; decisions: 240198
iteration: 426; vars: 228780; clauses: 126945; decisions: 240350
iteration: 427; vars: 229314; clauses: 128349; decisions: 240477
iteration: 428; vars: 229848; clauses: 129753; decisions: 240606
iteration: 429; vars: 230382; clauses: 131157; decisions: 240968
iteration: 430; vars: 230916; clauses: 132561; decisions: 241949
iteration: 431; vars: 231450; clauses: 133965; decisions: 242432
iteration: 432; vars: 231984; clauses: 135369; decisions: 242619
iteration: 433; vars: 232518; clauses: 136773; decisions: 243929
iteration: 434; vars: 233052; clauses: 138177; decisions: 244152
iteration: 435; vars: 233586; clauses: 139581; decisions: 244356
iteration: 436; vars: 234120; clauses: 140985; decisions: 244490
iteration: 437; vars: 234654; clauses: 142389; decisions: 244764
iteration: 438; vars: 235188; clauses: 143793; decisions: 245582
iteration: 439; vars: 235722; clauses: 145197; decisions: 246721
iteration: 440; vars: 236256; clauses: 146601; decisions: 246829
iteration: 441; vars: 236790; clauses: 98268; decisions: 247028
iteration: 442; vars: 237324; clauses: 99671; decisions: 250062
iteration: 443; vars: 237858; clauses: 101075; decisions: 250683
iteration: 444; vars: 238392; clauses: 102479; decisions: 250876
iteration: 445; vars: 238926; clauses: 103883; decisions: 251454
iteration: 446; vars: 239460; clauses: 105287; decisions: 251697
iteration: 447; vars: 239994; clauses: 106691; decisions: 251817
iteration: 448; vars: 240528; clauses: 108095; decisions: 251978
iteration: 449; vars: 241062; clauses: 109499; decisions: 252249
iteration: 450; vars: 241596; clauses: 110902; decisions: 254894
iteration: 451; vars: 242130; clauses: 112306; decisions: 255092
iteration: 452; vars: 242664; clauses: 113710; decisions: 257176
iteration: 453; vars: 243198; clauses: 115114; decisions: 258029
iteration: 454; vars: 243732; clauses: 116518; decisions: 259052
iteration: 455; vars: 244266; clauses: 117921; decisions: 261350
iteration: 456; vars: 244800; clauses: 119323; decisions: 261814
iteration: 457; vars: 245334; clauses: 120725; decisions: 262333
iteration: 458; vars: 245868; clauses: 122127; decisions: 263291
iteration: 459; vars: 246402; clauses: 123529; decisions: 268322
iteration: 460; vars: 246936; clauses: 124931; decisions: 275497
iteration: 461; vars: 247470; clauses: 126333; decisions: 276575
iteration: 462; vars: 248004; clauses: 127735; decisions: 278255
iteration: 463; vars: 248538; clauses: 129137; decisions: 283502
iteration: 464; vars: 249072; clauses: 130537; decisions: 283629
iteration: 465; vars: 249606; clauses: 131937; decisions: 283995
iteration: 466; vars: 250140; clauses: 133337; decisions: 284654
iteration: 467; vars: 250674; clauses: 134737; decisions: 284832
iteration: 468; vars: 251208; clauses: 136137; decisions: 285171
iteration: 469; vars: 251742; clauses: 137537; decisions: 286402
iteration: 470; vars: 252276; clauses: 138937; decisions: 286652
iteration: 471; vars: 252810; clauses: 140337; decisions: 286951
iteration: 472; vars: 253344; clauses: 141737; decisions: 290221
iteration: 473; vars: 253878; clauses: 143137; decisions: 290442
iteration: 474; vars: 254412; clauses: 144537; decisions: 290547
iteration: 475; vars: 254946; clauses: 145937; decisions: 290981
iteration: 476; vars: 255480; clauses: 147337; decisions: 291097
iteration: 477; vars: 256014; clauses: 148737; decisions: 291246
iteration: 478; vars: 256548; clauses: 150137; decisions: 291392
iteration: 479; vars: 257082; clauses: 151537; decisions: 292109
iteration: 480; vars: 257616; clauses: 152937; decisions: 292576
iteration: 481; vars: 258150; clauses: 154337; decisions: 292727
iteration: 482; vars: 258684; clauses: 155737; decisions: 292979
iteration: 483; vars: 259218; clauses: 157136; decisions: 293350
iteration: 484; vars: 259752; clauses: 158536; decisions: 293497
iteration: 485; vars: 260286; clauses: 159936; decisions: 293986
iteration: 486; vars: 260820; clauses: 161336; decisions: 294747
iteration: 487; vars: 261354; clauses: 162736; decisions: 294904
iteration: 488; vars: 261888; clauses: 164136; decisions: 295926
iteration: 489; vars: 262422; clauses: 165536; decisions: 297389
iteration: 490; vars: 262956; clauses: 101012; decisions: 297500
iteration: 491; vars: 263490; clauses: 102412; decisions: 297722
iteration: 492; vars: 264024; clauses: 103812; decisions: 298411
iteration: 493; vars: 264558; clauses: 105212; decisions: 299578
iteration: 494; vars: 265092; clauses: 106612; decisions: 299720
iteration: 495; vars: 265626; clauses: 108011; decisions: 302983
iteration: 496; vars: 266160; clauses: 109411; decisions: 307018
iteration: 497; vars: 266694; clauses: 110810; decisions: 310777
iteration: 498; vars: 267228; clauses: 112210; decisions: 311151
iteration: 499; vars: 267762; clauses: 113610; decisions: 311405
iteration: 500; vars: 268296; clauses: 115010; decisions: 313596
iteration: 501; vars: 268830; clauses: 116410; decisions: 314890
iteration: 502; vars: 269364; clauses: 117810; decisions: 315543
iteration: 503; vars: 269898; clauses: 119210; decisions: 316478
iteration: 504; vars: 270432; clauses: 120608; decisions: 317914
iteration: 505; vars: 270966; clauses: 122007; decisions: 320618
iteration: 506; vars: 271500; clauses: 123406; decisions: 322157
iteration: 507; vars: 272034; clauses: 124806; decisions: 324208
iteration: 508; vars: 272568; clauses: 126206; decisions: 324823
iteration: 509; vars: 273102; clauses: 127606; decisions: 327923
iteration: 510; vars: 273636; clauses: 129006; decisions: 329610
iteration: 511; vars: 274170; clauses: 130405; decisions: 331465
iteration: 512; vars: 274704; clauses: 131805; decisions: 331563
iteration: 513; vars: 275238; clauses: 133205; decisions: 332175
iteration: 514; vars: 275772; clauses: 134605; decisions: 332603
iteration: 515; vars: 276306; clauses: 136005; decisions: 332981
iteration: 516; vars: 276840; clauses: 137405; decisions: 333325
iteration: 517; vars: 277374; clauses: 138803; decisions: 333866
iteration: 518; vars: 277908; clauses: 140201; decisions: 334162
iteration: 519; vars: 278442; clauses: 141598; decisions: 336034
iteration: 520; vars: 278976; clauses: 142996; decisions: 336662
iteration: 521; vars: 279510; clauses: 144394; decisions: 336812
iteration: 522; vars: 280044; clauses: 145792; decisions: 337049
iteration: 523; vars: 280578; clauses: 147190; decisions: 337186
iteration: 524; vars: 281112; clauses: 148588; decisions: 337441
iteration: 525; vars: 281646; clauses: 149986; decisions: 337506
iteration: 526; vars: 282180; clauses: 151382; decisions: 338644
iteration: 527; vars: 282714; clauses: 152780; decisions: 339906
iteration: 528; vars: 283248; clauses: 154178; decisions: 340610
iteration: 529; vars: 283782; clauses: 155576; decisions: 341569
iteration: 530; vars: 284316; clauses: 156972; decisions: 342946
iteration: 531; vars: 284850; clauses: 158368; decisions: 343952
iteration: 532; vars: 285384; clauses: 159764; decisions: 344760
iteration: 533; vars: 285918; clauses: 161160; decisions: 346532
iteration: 534; vars: 286452; clauses: 162556; decisions: 346888
iteration: 535; vars: 286986; clauses: 163952; decisions: 346969
iteration: 536; vars: 287520; clauses: 165348; decisions: 347560
iteration: 537; vars: 288054; clauses: 166744; decisions: 348321
iteration: 538; vars: 288588; clauses: 168136; decisions: 348619
iteration: 539; vars: 289122; clauses: 59570; decisions: 349368
iteration: 540; vars: 289656; clauses: 60952; decisions: 349673
iteration: 541; vars: 290190; clauses: 62324; decisions: 349830
iteration: 542; vars: 290724; clauses: 63684; decisions: 349878
iteration: 543; vars: 291258; clauses: 65044; decisions: 350089
iteration: 544; vars: 291792; clauses: 66404; decisions: 350121
iteration: 545; vars: 292326; clauses: 67764; decisions: 350348
iteration: 546; vars: 292860; clauses: 69070; decisions: 350365
iteration: 547; vars: 293394; clauses: 70376; decisions: 350634
finished solver loop. fail_count = 0
key=10110011100000111011101111111111101100101101010
iteration=547; backbones_count=0; cube_count=841858; cpu_time=60.2962; maxrss=44.9375
