inputs=128 keys=49 outputs=1 gates=274
iteration: 1; vars: 1870; clauses: 1512; decisions: 1199
iteration: 2; vars: 2416; clauses: 2964; decisions: 1909
iteration: 3; vars: 2962; clauses: 2030; decisions: 2475
iteration: 4; vars: 3508; clauses: 3482; decisions: 2766
iteration: 5; vars: 4054; clauses: 4934; decisions: 3043
iteration: 6; vars: 4600; clauses: 2534; decisions: 3550
iteration: 7; vars: 5146; clauses: 3986; decisions: 3791
iteration: 8; vars: 5692; clauses: 5438; decisions: 4016
iteration: 9; vars: 6238; clauses: 3185; decisions: 4831
iteration: 10; vars: 6784; clauses: 4637; decisions: 5032
iteration: 11; vars: 7330; clauses: 6089; decisions: 5741
iteration: 12; vars: 7876; clauses: 3741; decisions: 6397
iteration: 13; vars: 8422; clauses: 5193; decisions: 6620
iteration: 14; vars: 8968; clauses: 6645; decisions: 7045
iteration: 15; vars: 9514; clauses: 4443; decisions: 7249
iteration: 16; vars: 10060; clauses: 5895; decisions: 7528
iteration: 17; vars: 10606; clauses: 7347; decisions: 7804
iteration: 18; vars: 11152; clauses: 8799; decisions: 8047
iteration: 19; vars: 11698; clauses: 5319; decisions: 8401
iteration: 20; vars: 12244; clauses: 6771; decisions: 8863
iteration: 21; vars: 12790; clauses: 8223; decisions: 9160
iteration: 22; vars: 13336; clauses: 9675; decisions: 9525
iteration: 23; vars: 13882; clauses: 6284; decisions: 9900
iteration: 24; vars: 14428; clauses: 7736; decisions: 10083
iteration: 25; vars: 14974; clauses: 9188; decisions: 10363
iteration: 26; vars: 15520; clauses: 10640; decisions: 10644
iteration: 27; vars: 16066; clauses: 7085; decisions: 10941
iteration: 28; vars: 16612; clauses: 8537; decisions: 11124
iteration: 29; vars: 17158; clauses: 9989; decisions: 11610
iteration: 30; vars: 17704; clauses: 11441; decisions: 11793
iteration: 31; vars: 18250; clauses: 12893; decisions: 12421
iteration: 32; vars: 18796; clauses: 8280; decisions: 12695
iteration: 33; vars: 19342; clauses: 9732; decisions: 12892
iteration: 34; vars: 19888; clauses: 11184; decisions: 13188
iteration: 35; vars: 20434; clauses: 12636; decisions: 14089
iteration: 36; vars: 20980; clauses: 14088; decisions: 14263
iteration: 37; vars: 21526; clauses: 9379; decisions: 14454
iteration: 38; vars: 22072; clauses: 10831; decisions: 14622
iteration: 39; vars: 22618; clauses: 12283; decisions: 14785
iteration: 40; vars: 23164; clauses: 13735; decisions: 15626
iteration: 41; vars: 23710; clauses: 15187; decisions: 15814
iteration: 42; vars: 24256; clauses: 16639; decisions: 16222
iteration: 43; vars: 24802; clauses: 10537; decisions: 16914
iteration: 44; vars: 25348; clauses: 11989; decisions: 17103
iteration: 45; vars: 25894; clauses: 13441; decisions: 17497
iteration: 46; vars: 26440; clauses: 14893; decisions: 17662
iteration: 47; vars: 26986; clauses: 16345; decisions: 17834
iteration: 48; vars: 27532; clauses: 17797; decisions: 18149
iteration: 49; vars: 28078; clauses: 19249; decisions: 18333
iteration: 50; vars: 28624; clauses: 11979; decisions: 18503
iteration: 51; vars: 29170; clauses: 13431; decisions: 18713
iteration: 52; vars: 29716; clauses: 14883; decisions: 19269
iteration: 53; vars: 30262; clauses: 16335; decisions: 19659
iteration: 54; vars: 30808; clauses: 17787; decisions: 21004
iteration: 55; vars: 31354; clauses: 19239; decisions: 21174
iteration: 56; vars: 31900; clauses: 20691; decisions: 21383
iteration: 57; vars: 32446; clauses: 13348; decisions: 21552
iteration: 58; vars: 32992; clauses: 14800; decisions: 21742
iteration: 59; vars: 33538; clauses: 16252; decisions: 21926
iteration: 60; vars: 34084; clauses: 17704; decisions: 22110
iteration: 61; vars: 34630; clauses: 19156; decisions: 22273
iteration: 62; vars: 35176; clauses: 20608; decisions: 22847
iteration: 63; vars: 35722; clauses: 22060; decisions: 23022
iteration: 64; vars: 36268; clauses: 23512; decisions: 23720
iteration: 65; vars: 36814; clauses: 15010; decisions: 23956
iteration: 66; vars: 37360; clauses: 16462; decisions: 24145
iteration: 67; vars: 37906; clauses: 17914; decisions: 24343
iteration: 68; vars: 38452; clauses: 19366; decisions: 25048
iteration: 69; vars: 38998; clauses: 20818; decisions: 25227
iteration: 70; vars: 39544; clauses: 22270; decisions: 25400
iteration: 71; vars: 40090; clauses: 23722; decisions: 25645
iteration: 72; vars: 40636; clauses: 25174; decisions: 25937
iteration: 73; vars: 41182; clauses: 26626; decisions: 26514
iteration: 74; vars: 41728; clauses: 16554; decisions: 26685
iteration: 75; vars: 42274; clauses: 18006; decisions: 26852
iteration: 76; vars: 42820; clauses: 19458; decisions: 27022
iteration: 77; vars: 43366; clauses: 20910; decisions: 27189
iteration: 78; vars: 43912; clauses: 22362; decisions: 27350
iteration: 79; vars: 44458; clauses: 23814; decisions: 27505
iteration: 80; vars: 45004; clauses: 25266; decisions: 27699
iteration: 81; vars: 45550; clauses: 26718; decisions: 27951
iteration: 82; vars: 46096; clauses: 28170; decisions: 28117
iteration: 83; vars: 46642; clauses: 29622; decisions: 28334
iteration: 84; vars: 47188; clauses: 18641; decisions: 28508
iteration: 85; vars: 47734; clauses: 20093; decisions: 28779
iteration: 86; vars: 48280; clauses: 21545; decisions: 28963
iteration: 87; vars: 48826; clauses: 22997; decisions: 29569
iteration: 88; vars: 49372; clauses: 24449; decisions: 29825
iteration: 89; vars: 49918; clauses: 25901; decisions: 30101
iteration: 90; vars: 50464; clauses: 27353; decisions: 30965
iteration: 91; vars: 51010; clauses: 28805; decisions: 31140
iteration: 92; vars: 51556; clauses: 30257; decisions: 31683
iteration: 93; vars: 52102; clauses: 31709; decisions: 32498
iteration: 94; vars: 52648; clauses: 20967; decisions: 32682
iteration: 95; vars: 53194; clauses: 22419; decisions: 33444
iteration: 96; vars: 53740; clauses: 23871; decisions: 33690
iteration: 97; vars: 54286; clauses: 25323; decisions: 33944
iteration: 98; vars: 54832; clauses: 26775; decisions: 34173
iteration: 99; vars: 55378; clauses: 28227; decisions: 34413
iteration: 100; vars: 55924; clauses: 29679; decisions: 34634
iteration: 101; vars: 56470; clauses: 31131; decisions: 34883
iteration: 102; vars: 57016; clauses: 32583; decisions: 35434
iteration: 103; vars: 57562; clauses: 34035; decisions: 35677
iteration: 104; vars: 58108; clauses: 35487; decisions: 36352
iteration: 105; vars: 58654; clauses: 36939; decisions: 36966
iteration: 106; vars: 59200; clauses: 23526; decisions: 37108
iteration: 107; vars: 59746; clauses: 24978; decisions: 37253
iteration: 108; vars: 60292; clauses: 26430; decisions: 37516
iteration: 109; vars: 60838; clauses: 27882; decisions: 37781
iteration: 110; vars: 61384; clauses: 29334; decisions: 38160
iteration: 111; vars: 61930; clauses: 30786; decisions: 38387
iteration: 112; vars: 62476; clauses: 32238; decisions: 38539
iteration: 113; vars: 63022; clauses: 33690; decisions: 38693
iteration: 114; vars: 63568; clauses: 35142; decisions: 39318
iteration: 115; vars: 64114; clauses: 36594; decisions: 39520
iteration: 116; vars: 64660; clauses: 38046; decisions: 39922
iteration: 117; vars: 65206; clauses: 39498; decisions: 40075
iteration: 118; vars: 65752; clauses: 40950; decisions: 40230
iteration: 119; vars: 66298; clauses: 26471; decisions: 40974
iteration: 120; vars: 66844; clauses: 27923; decisions: 41121
iteration: 121; vars: 67390; clauses: 29375; decisions: 41339
iteration: 122; vars: 67936; clauses: 30827; decisions: 41867
iteration: 123; vars: 68482; clauses: 32279; decisions: 42029
iteration: 124; vars: 69028; clauses: 33731; decisions: 42566
iteration: 125; vars: 69574; clauses: 35183; decisions: 44583
iteration: 126; vars: 70120; clauses: 36635; decisions: 44851
iteration: 127; vars: 70666; clauses: 38087; decisions: 45307
iteration: 128; vars: 71212; clauses: 39539; decisions: 45479
iteration: 129; vars: 71758; clauses: 40991; decisions: 45783
iteration: 130; vars: 72304; clauses: 42443; decisions: 46436
iteration: 131; vars: 72850; clauses: 43895; decisions: 46599
iteration: 132; vars: 73396; clauses: 45347; decisions: 46757
iteration: 133; vars: 73942; clauses: 46799; decisions: 46907
iteration: 134; vars: 74488; clauses: 29918; decisions: 47056
iteration: 135; vars: 75034; clauses: 31370; decisions: 47321
iteration: 136; vars: 75580; clauses: 32822; decisions: 47694
iteration: 137; vars: 76126; clauses: 34274; decisions: 48109
iteration: 138; vars: 76672; clauses: 35726; decisions: 48568
iteration: 139; vars: 77218; clauses: 37178; decisions: 48759
iteration: 140; vars: 77764; clauses: 38630; decisions: 49251
iteration: 141; vars: 78310; clauses: 40082; decisions: 49519
iteration: 142; vars: 78856; clauses: 41534; decisions: 49801
iteration: 143; vars: 79402; clauses: 42986; decisions: 50789
iteration: 144; vars: 79948; clauses: 44438; decisions: 51013
iteration: 145; vars: 80494; clauses: 45890; decisions: 51456
iteration: 146; vars: 81040; clauses: 47342; decisions: 51662
iteration: 147; vars: 81586; clauses: 48794; decisions: 51863
iteration: 148; vars: 82132; clauses: 50246; decisions: 52046
iteration: 149; vars: 82678; clauses: 33710; decisions: 52303
iteration: 150; vars: 83224; clauses: 35162; decisions: 53082
iteration: 151; vars: 83770; clauses: 36614; decisions: 53355
iteration: 152; vars: 84316; clauses: 38066; decisions: 53984
iteration: 153; vars: 84862; clauses: 39518; decisions: 54234
iteration: 154; vars: 85408; clauses: 40970; decisions: 54828
iteration: 155; vars: 85954; clauses: 42422; decisions: 55179
iteration: 156; vars: 86500; clauses: 43874; decisions: 55605
iteration: 157; vars: 87046; clauses: 45326; decisions: 55819
iteration: 158; vars: 87592; clauses: 46778; decisions: 56816
iteration: 159; vars: 88138; clauses: 48230; decisions: 56956
iteration: 160; vars: 88684; clauses: 49682; decisions: 57602
iteration: 161; vars: 89230; clauses: 51134; decisions: 57997
iteration: 162; vars: 89776; clauses: 52586; decisions: 58213
iteration: 163; vars: 90322; clauses: 54038; decisions: 58419
iteration: 164; vars: 90868; clauses: 55490; decisions: 58693
iteration: 165; vars: 91414; clauses: 56942; decisions: 59037
iteration: 166; vars: 91960; clauses: 58394; decisions: 59186
iteration: 167; vars: 92506; clauses: 38229; decisions: 59651
iteration: 168; vars: 93052; clauses: 39681; decisions: 59856
iteration: 169; vars: 93598; clauses: 41133; decisions: 60325
iteration: 170; vars: 94144; clauses: 42585; decisions: 60511
iteration: 171; vars: 94690; clauses: 44037; decisions: 60763
iteration: 172; vars: 95236; clauses: 45489; decisions: 61043
iteration: 173; vars: 95782; clauses: 46941; decisions: 62806
iteration: 174; vars: 96328; clauses: 48393; decisions: 63183
iteration: 175; vars: 96874; clauses: 49845; decisions: 63457
iteration: 176; vars: 97420; clauses: 51297; decisions: 64142
iteration: 177; vars: 97966; clauses: 52749; decisions: 65792
iteration: 178; vars: 98512; clauses: 54201; decisions: 65961
iteration: 179; vars: 99058; clauses: 55653; decisions: 66445
iteration: 180; vars: 99604; clauses: 57105; decisions: 66681
iteration: 181; vars: 100150; clauses: 58557; decisions: 66967
iteration: 182; vars: 100696; clauses: 60009; decisions: 67285
iteration: 183; vars: 101242; clauses: 61461; decisions: 68035
iteration: 184; vars: 101788; clauses: 62913; decisions: 68477
iteration: 185; vars: 102334; clauses: 64365; decisions: 69481
iteration: 186; vars: 102880; clauses: 65817; decisions: 69928
iteration: 187; vars: 103426; clauses: 42903; decisions: 70176
iteration: 188; vars: 103972; clauses: 44355; decisions: 70407
iteration: 189; vars: 104518; clauses: 45807; decisions: 71064
iteration: 190; vars: 105064; clauses: 47259; decisions: 71356
iteration: 191; vars: 105610; clauses: 48711; decisions: 71521
iteration: 192; vars: 106156; clauses: 50163; decisions: 72580
iteration: 193; vars: 106702; clauses: 51615; decisions: 72838
iteration: 194; vars: 107248; clauses: 53067; decisions: 73231
iteration: 195; vars: 107794; clauses: 54519; decisions: 73875
iteration: 196; vars: 108340; clauses: 55971; decisions: 74220
iteration: 197; vars: 108886; clauses: 57423; decisions: 75712
iteration: 198; vars: 109432; clauses: 58875; decisions: 75870
iteration: 199; vars: 109978; clauses: 60327; decisions: 76028
iteration: 200; vars: 110524; clauses: 61779; decisions: 76193
iteration: 201; vars: 111070; clauses: 63231; decisions: 76363
iteration: 202; vars: 111616; clauses: 64683; decisions: 76790
iteration: 203; vars: 112162; clauses: 66135; decisions: 77002
iteration: 204; vars: 112708; clauses: 67587; decisions: 77228
iteration: 205; vars: 113254; clauses: 69039; decisions: 77738
iteration: 206; vars: 113800; clauses: 70491; decisions: 78080
iteration: 207; vars: 114346; clauses: 71943; decisions: 78322
iteration: 208; vars: 114892; clauses: 73395; decisions: 78608
iteration: 209; vars: 115438; clauses: 74847; decisions: 78826
iteration: 210; vars: 115984; clauses: 47806; decisions: 80019
iteration: 211; vars: 116530; clauses: 49258; decisions: 80980
iteration: 212; vars: 117076; clauses: 50710; decisions: 81150
iteration: 213; vars: 117622; clauses: 52162; decisions: 82054
iteration: 214; vars: 118168; clauses: 53614; decisions: 82258
iteration: 215; vars: 118714; clauses: 55066; decisions: 82492
iteration: 216; vars: 119260; clauses: 56518; decisions: 82657
iteration: 217; vars: 119806; clauses: 57970; decisions: 83033
iteration: 218; vars: 120352; clauses: 59422; decisions: 84389
iteration: 219; vars: 120898; clauses: 60874; decisions: 84935
iteration: 220; vars: 121444; clauses: 62326; decisions: 85669
iteration: 221; vars: 121990; clauses: 63778; decisions: 86426
iteration: 222; vars: 122536; clauses: 65230; decisions: 86588
iteration: 223; vars: 123082; clauses: 66682; decisions: 86756
iteration: 224; vars: 123628; clauses: 68134; decisions: 86966
iteration: 225; vars: 124174; clauses: 69586; decisions: 87127
iteration: 226; vars: 124720; clauses: 71038; decisions: 87349
iteration: 227; vars: 125266; clauses: 72490; decisions: 87516
iteration: 228; vars: 125812; clauses: 73942; decisions: 88009
iteration: 229; vars: 126358; clauses: 75394; decisions: 88175
iteration: 230; vars: 126904; clauses: 76846; decisions: 88333
iteration: 231; vars: 127450; clauses: 78298; decisions: 88560
iteration: 232; vars: 127996; clauses: 79750; decisions: 89204
iteration: 233; vars: 128542; clauses: 81202; decisions: 89346
iteration: 234; vars: 129088; clauses: 82654; decisions: 89482
iteration: 235; vars: 129634; clauses: 84106; decisions: 89668
iteration: 236; vars: 130180; clauses: 54078; decisions: 91214
iteration: 237; vars: 130726; clauses: 55530; decisions: 91423
iteration: 238; vars: 131272; clauses: 56982; decisions: 91802
iteration: 239; vars: 131818; clauses: 58434; decisions: 92036
iteration: 240; vars: 132364; clauses: 59886; decisions: 92190
iteration: 241; vars: 132910; clauses: 61338; decisions: 92988
iteration: 242; vars: 133456; clauses: 62790; decisions: 93246
iteration: 243; vars: 134002; clauses: 64242; decisions: 93495
iteration: 244; vars: 134548; clauses: 65694; decisions: 93691
iteration: 245; vars: 135094; clauses: 67146; decisions: 94007
iteration: 246; vars: 135640; clauses: 68598; decisions: 94218
iteration: 247; vars: 136186; clauses: 70050; decisions: 94607
iteration: 248; vars: 136732; clauses: 71502; decisions: 94822
iteration: 249; vars: 137278; clauses: 72954; decisions: 95080
iteration: 250; vars: 137824; clauses: 74406; decisions: 95526
iteration: 251; vars: 138370; clauses: 75858; decisions: 95745
iteration: 252; vars: 138916; clauses: 77310; decisions: 96052
iteration: 253; vars: 139462; clauses: 78762; decisions: 97754
iteration: 254; vars: 140008; clauses: 80214; decisions: 98032
iteration: 255; vars: 140554; clauses: 81666; decisions: 99008
iteration: 256; vars: 141100; clauses: 83118; decisions: 101357
iteration: 257; vars: 141646; clauses: 84570; decisions: 101835
iteration: 258; vars: 142192; clauses: 86022; decisions: 102081
iteration: 259; vars: 142738; clauses: 87474; decisions: 106055
iteration: 260; vars: 143284; clauses: 88926; decisions: 106338
iteration: 261; vars: 143830; clauses: 90378; decisions: 106513
iteration: 262; vars: 144376; clauses: 91830; decisions: 107979
iteration: 263; vars: 144922; clauses: 61084; decisions: 108140
iteration: 264; vars: 145468; clauses: 62536; decisions: 108295
iteration: 265; vars: 146014; clauses: 63988; decisions: 110530
iteration: 266; vars: 146560; clauses: 65440; decisions: 110780
iteration: 267; vars: 147106; clauses: 66892; decisions: 113118
iteration: 268; vars: 147652; clauses: 68344; decisions: 115232
iteration: 269; vars: 148198; clauses: 69796; decisions: 115544
iteration: 270; vars: 148744; clauses: 71248; decisions: 115828
iteration: 271; vars: 149290; clauses: 72700; decisions: 116720
iteration: 272; vars: 149836; clauses: 74152; decisions: 116937
iteration: 273; vars: 150382; clauses: 75604; decisions: 117112
iteration: 274; vars: 150928; clauses: 77056; decisions: 118508
iteration: 275; vars: 151474; clauses: 78508; decisions: 119593
iteration: 276; vars: 152020; clauses: 79960; decisions: 119781
iteration: 277; vars: 152566; clauses: 81412; decisions: 120716
iteration: 278; vars: 153112; clauses: 82864; decisions: 121085
iteration: 279; vars: 153658; clauses: 84316; decisions: 121357
iteration: 280; vars: 154204; clauses: 85768; decisions: 121570
iteration: 281; vars: 154750; clauses: 87220; decisions: 121865
iteration: 282; vars: 155296; clauses: 88672; decisions: 122509
iteration: 283; vars: 155842; clauses: 90124; decisions: 123220
iteration: 284; vars: 156388; clauses: 91576; decisions: 123556
iteration: 285; vars: 156934; clauses: 93028; decisions: 123700
iteration: 286; vars: 157480; clauses: 94480; decisions: 124706
iteration: 287; vars: 158026; clauses: 95932; decisions: 125533
iteration: 288; vars: 158572; clauses: 97384; decisions: 125817
iteration: 289; vars: 159118; clauses: 98836; decisions: 126127
iteration: 290; vars: 159664; clauses: 100288; decisions: 127742
iteration: 291; vars: 160210; clauses: 101740; decisions: 127884
iteration: 292; vars: 160756; clauses: 103192; decisions: 129034
iteration: 293; vars: 161302; clauses: 104644; decisions: 130765
iteration: 294; vars: 161848; clauses: 68930; decisions: 130925
iteration: 295; vars: 162394; clauses: 70382; decisions: 132646
iteration: 296; vars: 162940; clauses: 71834; decisions: 132794
iteration: 297; vars: 163486; clauses: 73286; decisions: 134956
iteration: 298; vars: 164032; clauses: 74738; decisions: 135096
iteration: 299; vars: 164578; clauses: 76190; decisions: 135230
iteration: 300; vars: 165124; clauses: 77642; decisions: 137333
iteration: 301; vars: 165670; clauses: 79094; decisions: 137539
iteration: 302; vars: 166216; clauses: 80546; decisions: 137969
iteration: 303; vars: 166762; clauses: 81998; decisions: 138201
iteration: 304; vars: 167308; clauses: 83450; decisions: 138804
iteration: 305; vars: 167854; clauses: 84902; decisions: 139088
iteration: 306; vars: 168400; clauses: 86354; decisions: 139335
iteration: 307; vars: 168946; clauses: 87806; decisions: 142352
iteration: 308; vars: 169492; clauses: 89258; decisions: 142570
iteration: 309; vars: 170038; clauses: 90710; decisions: 144318
iteration: 310; vars: 170584; clauses: 92162; decisions: 145043
iteration: 311; vars: 171130; clauses: 93614; decisions: 145623
iteration: 312; vars: 171676; clauses: 95066; decisions: 145978
iteration: 313; vars: 172222; clauses: 96518; decisions: 146664
iteration: 314; vars: 172768; clauses: 97970; decisions: 146823
iteration: 315; vars: 173314; clauses: 99422; decisions: 146989
iteration: 316; vars: 173860; clauses: 100874; decisions: 147369
iteration: 317; vars: 174406; clauses: 102326; decisions: 147987
iteration: 318; vars: 174952; clauses: 103778; decisions: 148243
iteration: 319; vars: 175498; clauses: 105230; decisions: 152433
iteration: 320; vars: 176044; clauses: 106682; decisions: 152851
iteration: 321; vars: 176590; clauses: 108134; decisions: 153152
iteration: 322; vars: 177136; clauses: 109586; decisions: 153448
iteration: 323; vars: 177682; clauses: 111038; decisions: 154560
iteration: 324; vars: 178228; clauses: 112490; decisions: 154733
iteration: 325; vars: 178774; clauses: 113942; decisions: 155757
iteration: 326; vars: 179320; clauses: 115394; decisions: 155934
iteration: 327; vars: 179866; clauses: 116846; decisions: 156488
iteration: 328; vars: 180412; clauses: 77912; decisions: 159249
iteration: 329; vars: 180958; clauses: 79364; decisions: 159510
iteration: 330; vars: 181504; clauses: 80816; decisions: 159883
iteration: 331; vars: 182050; clauses: 82268; decisions: 161902
iteration: 332; vars: 182596; clauses: 83720; decisions: 162169
iteration: 333; vars: 183142; clauses: 85172; decisions: 162521
iteration: 334; vars: 183688; clauses: 86624; decisions: 162920
iteration: 335; vars: 184234; clauses: 88076; decisions: 163060
iteration: 336; vars: 184780; clauses: 89528; decisions: 163377
iteration: 337; vars: 185326; clauses: 90980; decisions: 163518
iteration: 338; vars: 185872; clauses: 92432; decisions: 166716
iteration: 339; vars: 186418; clauses: 93884; decisions: 168377
iteration: 340; vars: 186964; clauses: 95336; decisions: 168864
iteration: 341; vars: 187510; clauses: 96788; decisions: 169012
iteration: 342; vars: 188056; clauses: 98240; decisions: 173171
iteration: 343; vars: 188602; clauses: 99692; decisions: 175504
iteration: 344; vars: 189148; clauses: 101144; decisions: 177305
iteration: 345; vars: 189694; clauses: 102596; decisions: 178861
iteration: 346; vars: 190240; clauses: 104048; decisions: 179001
iteration: 347; vars: 190786; clauses: 105500; decisions: 179140
iteration: 348; vars: 191332; clauses: 106952; decisions: 180495
iteration: 349; vars: 191878; clauses: 108404; decisions: 180685
iteration: 350; vars: 192424; clauses: 109856; decisions: 181946
iteration: 351; vars: 192970; clauses: 111308; decisions: 182276
iteration: 352; vars: 193516; clauses: 112760; decisions: 182679
iteration: 353; vars: 194062; clauses: 114212; decisions: 184016
iteration: 354; vars: 194608; clauses: 115664; decisions: 184150
iteration: 355; vars: 195154; clauses: 117116; decisions: 185635
iteration: 356; vars: 195700; clauses: 118568; decisions: 185839
iteration: 357; vars: 196246; clauses: 120020; decisions: 189367
iteration: 358; vars: 196792; clauses: 121472; decisions: 189606
iteration: 359; vars: 197338; clauses: 122924; decisions: 189769
iteration: 360; vars: 197884; clauses: 124376; decisions: 193098
iteration: 361; vars: 198430; clauses: 125828; decisions: 193650
iteration: 362; vars: 198976; clauses: 127280; decisions: 194937
iteration: 363; vars: 199522; clauses: 128732; decisions: 195070
iteration: 364; vars: 200068; clauses: 130184; decisions: 195801
iteration: 365; vars: 200614; clauses: 131636; decisions: 195947
iteration: 366; vars: 201160; clauses: 133088; decisions: 197212
iteration: 367; vars: 201706; clauses: 88040; decisions: 198560
iteration: 368; vars: 202252; clauses: 89492; decisions: 198706
iteration: 369; vars: 202798; clauses: 90944; decisions: 198977
iteration: 370; vars: 203344; clauses: 92396; decisions: 199184
iteration: 371; vars: 203890; clauses: 93848; decisions: 199731
iteration: 372; vars: 204436; clauses: 95300; decisions: 200811
iteration: 373; vars: 204982; clauses: 96752; decisions: 201794
iteration: 374; vars: 205528; clauses: 98204; decisions: 202743
iteration: 375; vars: 206074; clauses: 99656; decisions: 204918
iteration: 376; vars: 206620; clauses: 101108; decisions: 205130
iteration: 377; vars: 207166; clauses: 102560; decisions: 209554
iteration: 378; vars: 207712; clauses: 104012; decisions: 209950
iteration: 379; vars: 208258; clauses: 105464; decisions: 215089
iteration: 380; vars: 208804; clauses: 106916; decisions: 215210
iteration: 381; vars: 209350; clauses: 108368; decisions: 215331
iteration: 382; vars: 209896; clauses: 109820; decisions: 216962
iteration: 383; vars: 210442; clauses: 111272; decisions: 217580
iteration: 384; vars: 210988; clauses: 112724; decisions: 217703
iteration: 385; vars: 211534; clauses: 114176; decisions: 219058
iteration: 386; vars: 212080; clauses: 115628; decisions: 219242
iteration: 387; vars: 212626; clauses: 117080; decisions: 219373
iteration: 388; vars: 213172; clauses: 118532; decisions: 219603
iteration: 389; vars: 213718; clauses: 119984; decisions: 227809
iteration: 390; vars: 214264; clauses: 121436; decisions: 227983
iteration: 391; vars: 214810; clauses: 122888; decisions: 228321
iteration: 392; vars: 215356; clauses: 124340; decisions: 229046
iteration: 393; vars: 215902; clauses: 125792; decisions: 233448
iteration: 394; vars: 216448; clauses: 127244; decisions: 233596
iteration: 395; vars: 216994; clauses: 128696; decisions: 234149
iteration: 396; vars: 217540; clauses: 130148; decisions: 234292
iteration: 397; vars: 218086; clauses: 131600; decisions: 235191
iteration: 398; vars: 218632; clauses: 133052; decisions: 235346
iteration: 399; vars: 219178; clauses: 134504; decisions: 237033
iteration: 400; vars: 219724; clauses: 135956; decisions: 237177
iteration: 401; vars: 220270; clauses: 137408; decisions: 237552
iteration: 402; vars: 220816; clauses: 138860; decisions: 237696
iteration: 403; vars: 221362; clauses: 140312; decisions: 237852
iteration: 404; vars: 221908; clauses: 141764; decisions: 238014
iteration: 405; vars: 222454; clauses: 143216; decisions: 238626
iteration: 406; vars: 223000; clauses: 144668; decisions: 239477
iteration: 407; vars: 223546; clauses: 146120; decisions: 243880
iteration: 408; vars: 224092; clauses: 147572; decisions: 244113
iteration: 409; vars: 224638; clauses: 149024; decisions: 244817
iteration: 410; vars: 225184; clauses: 150474; decisions: 244939
iteration: 411; vars: 225730; clauses: 95062; decisions: 245932
iteration: 412; vars: 226276; clauses: 96512; decisions: 246085
iteration: 413; vars: 226822; clauses: 97962; decisions: 248242
iteration: 414; vars: 227368; clauses: 99412; decisions: 248381
iteration: 415; vars: 227914; clauses: 100862; decisions: 248578
iteration: 416; vars: 228460; clauses: 102312; decisions: 249009
iteration: 417; vars: 229006; clauses: 103762; decisions: 249166
iteration: 418; vars: 229552; clauses: 105212; decisions: 249448
iteration: 419; vars: 230098; clauses: 106662; decisions: 249707
iteration: 420; vars: 230644; clauses: 108112; decisions: 250158
iteration: 421; vars: 231190; clauses: 109562; decisions: 250296
iteration: 422; vars: 231736; clauses: 111012; decisions: 250638
iteration: 423; vars: 232282; clauses: 112462; decisions: 250776
iteration: 424; vars: 232828; clauses: 113912; decisions: 251146
iteration: 425; vars: 233374; clauses: 115362; decisions: 251281
iteration: 426; vars: 233920; clauses: 116812; decisions: 251739
iteration: 427; vars: 234466; clauses: 118262; decisions: 253588
iteration: 428; vars: 235012; clauses: 119712; decisions: 254901
iteration: 429; vars: 235558; clauses: 121162; decisions: 260029
iteration: 430; vars: 236104; clauses: 122612; decisions: 260174
iteration: 431; vars: 236650; clauses: 124062; decisions: 260378
iteration: 432; vars: 237196; clauses: 125512; decisions: 260521
iteration: 433; vars: 237742; clauses: 126962; decisions: 260822
iteration: 434; vars: 238288; clauses: 128412; decisions: 261200
iteration: 435; vars: 238834; clauses: 129862; decisions: 264790
iteration: 436; vars: 239380; clauses: 131312; decisions: 265106
iteration: 437; vars: 239926; clauses: 132762; decisions: 265306
iteration: 438; vars: 240472; clauses: 134212; decisions: 266866
iteration: 439; vars: 241018; clauses: 135662; decisions: 266973
iteration: 440; vars: 241564; clauses: 137112; decisions: 267109
iteration: 441; vars: 242110; clauses: 138562; decisions: 267321
iteration: 442; vars: 242656; clauses: 140012; decisions: 267951
iteration: 443; vars: 243202; clauses: 141462; decisions: 268717
iteration: 444; vars: 243748; clauses: 142912; decisions: 268839
iteration: 445; vars: 244294; clauses: 144362; decisions: 269001
iteration: 446; vars: 244840; clauses: 145812; decisions: 269840
iteration: 447; vars: 245386; clauses: 147262; decisions: 269963
iteration: 448; vars: 245932; clauses: 148712; decisions: 270491
iteration: 449; vars: 246478; clauses: 150162; decisions: 271017
iteration: 450; vars: 247024; clauses: 151612; decisions: 271414
iteration: 451; vars: 247570; clauses: 153062; decisions: 271980
iteration: 452; vars: 248116; clauses: 154512; decisions: 274546
iteration: 453; vars: 248662; clauses: 155962; decisions: 274778
iteration: 454; vars: 249208; clauses: 157412; decisions: 274924
iteration: 455; vars: 249754; clauses: 158862; decisions: 275450
iteration: 456; vars: 250300; clauses: 160312; decisions: 275573
iteration: 457; vars: 250846; clauses: 104674; decisions: 275697
iteration: 458; vars: 251392; clauses: 106124; decisions: 276095
iteration: 459; vars: 251938; clauses: 107574; decisions: 279673
iteration: 460; vars: 252484; clauses: 109024; decisions: 279807
iteration: 461; vars: 253030; clauses: 110474; decisions: 282672
iteration: 462; vars: 253576; clauses: 111922; decisions: 282887
iteration: 463; vars: 254122; clauses: 113370; decisions: 283880
iteration: 464; vars: 254668; clauses: 114818; decisions: 286440
iteration: 465; vars: 255214; clauses: 116266; decisions: 286569
iteration: 466; vars: 255760; clauses: 117714; decisions: 287906
iteration: 467; vars: 256306; clauses: 119162; decisions: 288173
iteration: 468; vars: 256852; clauses: 120610; decisions: 288380
iteration: 469; vars: 257398; clauses: 122058; decisions: 288532
iteration: 470; vars: 257944; clauses: 123506; decisions: 288840
iteration: 471; vars: 258490; clauses: 124954; decisions: 290471
iteration: 472; vars: 259036; clauses: 126402; decisions: 290617
iteration: 473; vars: 259582; clauses: 127850; decisions: 291077
iteration: 474; vars: 260128; clauses: 129298; decisions: 291589
iteration: 475; vars: 260674; clauses: 130746; decisions: 291745
iteration: 476; vars: 261220; clauses: 132194; decisions: 292753
iteration: 477; vars: 261766; clauses: 133642; decisions: 292885
iteration: 478; vars: 262312; clauses: 135090; decisions: 293250
iteration: 479; vars: 262858; clauses: 136538; decisions: 293613
iteration: 480; vars: 263404; clauses: 137986; decisions: 293944
iteration: 481; vars: 263950; clauses: 139434; decisions: 295621
iteration: 482; vars: 264496; clauses: 140882; decisions: 295764
iteration: 483; vars: 265042; clauses: 142330; decisions: 296122
iteration: 484; vars: 265588; clauses: 143778; decisions: 297279
iteration: 485; vars: 266134; clauses: 145226; decisions: 297419
iteration: 486; vars: 266680; clauses: 146674; decisions: 297694
iteration: 487; vars: 267226; clauses: 148122; decisions: 297897
iteration: 488; vars: 267772; clauses: 149570; decisions: 298044
iteration: 489; vars: 268318; clauses: 151018; decisions: 298240
iteration: 490; vars: 268864; clauses: 152466; decisions: 299549
iteration: 491; vars: 269410; clauses: 153914; decisions: 301013
iteration: 492; vars: 269956; clauses: 155362; decisions: 301155
iteration: 493; vars: 270502; clauses: 156810; decisions: 301286
iteration: 494; vars: 271048; clauses: 158258; decisions: 301415
iteration: 495; vars: 271594; clauses: 159706; decisions: 302651
iteration: 496; vars: 272140; clauses: 161154; decisions: 303436
iteration: 497; vars: 272686; clauses: 162602; decisions: 303552
iteration: 498; vars: 273232; clauses: 164050; decisions: 303912
iteration: 499; vars: 273778; clauses: 165498; decisions: 305028
iteration: 500; vars: 274324; clauses: 166946; decisions: 305593
iteration: 501; vars: 274870; clauses: 168394; decisions: 306099
iteration: 502; vars: 275416; clauses: 169842; decisions: 306497
iteration: 503; vars: 275962; clauses: 171290; decisions: 307000
iteration: 504; vars: 276508; clauses: 172738; decisions: 307436
iteration: 505; vars: 277054; clauses: 174186; decisions: 308285
iteration: 506; vars: 277600; clauses: 175634; decisions: 308454
iteration: 507; vars: 278146; clauses: 114993; decisions: 308739
iteration: 508; vars: 278692; clauses: 116441; decisions: 308844
iteration: 509; vars: 279238; clauses: 117889; decisions: 309505
iteration: 510; vars: 279784; clauses: 119337; decisions: 309962
iteration: 511; vars: 280330; clauses: 120785; decisions: 311322
iteration: 512; vars: 280876; clauses: 122233; decisions: 312698
iteration: 513; vars: 281422; clauses: 123681; decisions: 313135
iteration: 514; vars: 281968; clauses: 125129; decisions: 313255
iteration: 515; vars: 282514; clauses: 126577; decisions: 313555
iteration: 516; vars: 283060; clauses: 128025; decisions: 314127
iteration: 517; vars: 283606; clauses: 129473; decisions: 314227
iteration: 518; vars: 284152; clauses: 130921; decisions: 315858
iteration: 519; vars: 284698; clauses: 132369; decisions: 316300
iteration: 520; vars: 285244; clauses: 133817; decisions: 316429
iteration: 521; vars: 285790; clauses: 135265; decisions: 316527
iteration: 522; vars: 286336; clauses: 136713; decisions: 316624
iteration: 523; vars: 286882; clauses: 138161; decisions: 316731
iteration: 524; vars: 287428; clauses: 139609; decisions: 319277
iteration: 525; vars: 287974; clauses: 141057; decisions: 319515
iteration: 526; vars: 288520; clauses: 142504; decisions: 320506
iteration: 527; vars: 289066; clauses: 143952; decisions: 320799
iteration: 528; vars: 289612; clauses: 145400; decisions: 320908
iteration: 529; vars: 290158; clauses: 146848; decisions: 321020
iteration: 530; vars: 290704; clauses: 148296; decisions: 322069
iteration: 531; vars: 291250; clauses: 149744; decisions: 325768
iteration: 532; vars: 291796; clauses: 151192; decisions: 326520
iteration: 533; vars: 292342; clauses: 152640; decisions: 329284
iteration: 534; vars: 292888; clauses: 154086; decisions: 333683
iteration: 535; vars: 293434; clauses: 155532; decisions: 333872
iteration: 536; vars: 293980; clauses: 156978; decisions: 334079
iteration: 537; vars: 294526; clauses: 158424; decisions: 334976
iteration: 538; vars: 295072; clauses: 159870; decisions: 335394
iteration: 539; vars: 295618; clauses: 161316; decisions: 335702
iteration: 540; vars: 296164; clauses: 162761; decisions: 336333
iteration: 541; vars: 296710; clauses: 164207; decisions: 336725
iteration: 542; vars: 297256; clauses: 165653; decisions: 337798
iteration: 543; vars: 297802; clauses: 167099; decisions: 338607
iteration: 544; vars: 298348; clauses: 168545; decisions: 342651
iteration: 545; vars: 298894; clauses: 169989; decisions: 342745
iteration: 546; vars: 299440; clauses: 171433; decisions: 343631
iteration: 547; vars: 299986; clauses: 172875; decisions: 343799
iteration: 548; vars: 300532; clauses: 174317; decisions: 348277
iteration: 549; vars: 301078; clauses: 175759; decisions: 348654
iteration: 550; vars: 301624; clauses: 177201; decisions: 348767
iteration: 551; vars: 302170; clauses: 178643; decisions: 350119
iteration: 552; vars: 302716; clauses: 180085; decisions: 350390
iteration: 553; vars: 303262; clauses: 181527; decisions: 350690
iteration: 554; vars: 303808; clauses: 182969; decisions: 351890
iteration: 555; vars: 304354; clauses: 184411; decisions: 352874
iteration: 556; vars: 304900; clauses: 185853; decisions: 354896
iteration: 557; vars: 305446; clauses: 187295; decisions: 355056
iteration: 558; vars: 305992; clauses: 188737; decisions: 355277
iteration: 559; vars: 306538; clauses: 190179; decisions: 356554
iteration: 560; vars: 307084; clauses: 87361; decisions: 357827
iteration: 561; vars: 307630; clauses: 88797; decisions: 357919
iteration: 562; vars: 308176; clauses: 90233; decisions: 358544
iteration: 563; vars: 308722; clauses: 91669; decisions: 359408
iteration: 564; vars: 309268; clauses: 93105; decisions: 359538
iteration: 565; vars: 309814; clauses: 94541; decisions: 359653
iteration: 566; vars: 310360; clauses: 95976; decisions: 360652
iteration: 567; vars: 310906; clauses: 97412; decisions: 360723
iteration: 568; vars: 311452; clauses: 98845; decisions: 364006
iteration: 569; vars: 311998; clauses: 100280; decisions: 364670
iteration: 570; vars: 312544; clauses: 101716; decisions: 365187
iteration: 571; vars: 313090; clauses: 103152; decisions: 365443
iteration: 572; vars: 313636; clauses: 104588; decisions: 366555
iteration: 573; vars: 314182; clauses: 106023; decisions: 368075
iteration: 574; vars: 314728; clauses: 107459; decisions: 368264
iteration: 575; vars: 315274; clauses: 108892; decisions: 369103
iteration: 576; vars: 315820; clauses: 110328; decisions: 369170
iteration: 577; vars: 316366; clauses: 111764; decisions: 369438
iteration: 578; vars: 316912; clauses: 113200; decisions: 369562
iteration: 579; vars: 317458; clauses: 114636; decisions: 370009
iteration: 580; vars: 318004; clauses: 116072; decisions: 370486
iteration: 581; vars: 318550; clauses: 117508; decisions: 370641
iteration: 582; vars: 319096; clauses: 118944; decisions: 370911
iteration: 583; vars: 319642; clauses: 120380; decisions: 371166
iteration: 584; vars: 320188; clauses: 121816; decisions: 372177
iteration: 585; vars: 320734; clauses: 123252; decisions: 372676
iteration: 586; vars: 321280; clauses: 124688; decisions: 373123
iteration: 587; vars: 321826; clauses: 126122; decisions: 373342
iteration: 588; vars: 322372; clauses: 127556; decisions: 373590
iteration: 589; vars: 322918; clauses: 128990; decisions: 374156
iteration: 590; vars: 323464; clauses: 130424; decisions: 374298
iteration: 591; vars: 324010; clauses: 131857; decisions: 376200
iteration: 592; vars: 324556; clauses: 133275; decisions: 376383
iteration: 593; vars: 325102; clauses: 134693; decisions: 376414
iteration: 594; vars: 325648; clauses: 136111; decisions: 376795
finished solver loop. fail_count = 0
key=1011001110000011101110111111111110110010110101000
iteration=594; backbones_count=0; cube_count=940230; cpu_time=67.3873; maxrss=51.5508
