inputs=128 keys=44 outputs=1 gates=259
iteration: 1; vars: 1770; clauses: 1365; decisions: 1019
iteration: 2; vars: 2286; clauses: 2707; decisions: 2387
iteration: 3; vars: 2802; clauses: 1854; decisions: 2982
iteration: 4; vars: 3318; clauses: 3196; decisions: 3874
iteration: 5; vars: 3834; clauses: 4538; decisions: 4065
iteration: 6; vars: 4350; clauses: 2372; decisions: 4721
iteration: 7; vars: 4866; clauses: 3714; decisions: 4912
iteration: 8; vars: 5382; clauses: 5056; decisions: 5304
iteration: 9; vars: 5898; clauses: 2832; decisions: 5741
iteration: 10; vars: 6414; clauses: 4174; decisions: 5955
iteration: 11; vars: 6930; clauses: 5516; decisions: 6167
iteration: 12; vars: 7446; clauses: 3389; decisions: 6464
iteration: 13; vars: 7962; clauses: 4731; decisions: 6664
iteration: 14; vars: 8478; clauses: 6073; decisions: 6876
iteration: 15; vars: 8994; clauses: 4008; decisions: 7065
iteration: 16; vars: 9510; clauses: 5350; decisions: 7272
iteration: 17; vars: 10026; clauses: 6692; decisions: 7483
iteration: 18; vars: 10542; clauses: 8034; decisions: 7696
iteration: 19; vars: 11058; clauses: 4813; decisions: 8448
iteration: 20; vars: 11574; clauses: 6155; decisions: 8655
iteration: 21; vars: 12090; clauses: 7497; decisions: 9053
iteration: 22; vars: 12606; clauses: 8839; decisions: 9242
iteration: 23; vars: 13122; clauses: 5518; decisions: 9636
iteration: 24; vars: 13638; clauses: 6860; decisions: 9826
iteration: 25; vars: 14154; clauses: 8202; decisions: 10279
iteration: 26; vars: 14670; clauses: 9544; decisions: 10791
iteration: 27; vars: 15186; clauses: 10886; decisions: 11112
iteration: 28; vars: 15702; clauses: 6296; decisions: 11292
iteration: 29; vars: 16218; clauses: 7638; decisions: 11589
iteration: 30; vars: 16734; clauses: 8980; decisions: 11779
iteration: 31; vars: 17250; clauses: 10322; decisions: 12227
iteration: 32; vars: 17766; clauses: 11664; decisions: 12392
iteration: 33; vars: 18282; clauses: 7132; decisions: 12559
iteration: 34; vars: 18798; clauses: 8474; decisions: 12786
iteration: 35; vars: 19314; clauses: 9816; decisions: 13011
iteration: 36; vars: 19830; clauses: 11158; decisions: 13207
iteration: 37; vars: 20346; clauses: 12500; decisions: 13564
iteration: 38; vars: 20862; clauses: 8037; decisions: 13731
iteration: 39; vars: 21378; clauses: 9379; decisions: 13906
iteration: 40; vars: 21894; clauses: 10721; decisions: 14281
iteration: 41; vars: 22410; clauses: 12063; decisions: 14836
iteration: 42; vars: 22926; clauses: 13405; decisions: 15009
iteration: 43; vars: 23442; clauses: 14747; decisions: 15180
iteration: 44; vars: 23958; clauses: 9310; decisions: 15457
iteration: 45; vars: 24474; clauses: 10652; decisions: 15756
iteration: 46; vars: 24990; clauses: 11994; decisions: 16277
iteration: 47; vars: 25506; clauses: 13336; decisions: 16598
iteration: 48; vars: 26022; clauses: 14678; decisions: 16846
iteration: 49; vars: 26538; clauses: 16020; decisions: 17177
iteration: 50; vars: 27054; clauses: 10586; decisions: 17337
iteration: 51; vars: 27570; clauses: 11928; decisions: 17790
iteration: 52; vars: 28086; clauses: 13270; decisions: 18921
iteration: 53; vars: 28602; clauses: 14612; decisions: 19167
iteration: 54; vars: 29118; clauses: 15954; decisions: 19727
iteration: 55; vars: 29634; clauses: 17296; decisions: 19977
iteration: 56; vars: 30150; clauses: 18638; decisions: 20142
iteration: 57; vars: 30666; clauses: 11978; decisions: 20321
iteration: 58; vars: 31182; clauses: 13320; decisions: 20644
iteration: 59; vars: 31698; clauses: 14662; decisions: 20809
iteration: 60; vars: 32214; clauses: 16004; decisions: 21035
iteration: 61; vars: 32730; clauses: 17346; decisions: 21237
iteration: 62; vars: 33246; clauses: 18688; decisions: 21823
iteration: 63; vars: 33762; clauses: 20030; decisions: 21997
iteration: 64; vars: 34278; clauses: 21372; decisions: 22696
iteration: 65; vars: 34794; clauses: 13612; decisions: 23005
iteration: 66; vars: 35310; clauses: 14954; decisions: 23199
iteration: 67; vars: 35826; clauses: 16296; decisions: 23498
iteration: 68; vars: 36342; clauses: 17638; decisions: 23679
iteration: 69; vars: 36858; clauses: 18980; decisions: 23836
iteration: 70; vars: 37374; clauses: 20322; decisions: 23986
iteration: 71; vars: 37890; clauses: 21664; decisions: 24293
iteration: 72; vars: 38406; clauses: 23006; decisions: 24685
iteration: 73; vars: 38922; clauses: 24348; decisions: 25913
iteration: 74; vars: 39438; clauses: 15521; decisions: 26545
iteration: 75; vars: 39954; clauses: 16863; decisions: 26772
iteration: 76; vars: 40470; clauses: 18205; decisions: 27305
iteration: 77; vars: 40986; clauses: 19547; decisions: 27449
iteration: 78; vars: 41502; clauses: 20889; decisions: 27771
iteration: 79; vars: 42018; clauses: 22231; decisions: 28194
iteration: 80; vars: 42534; clauses: 23573; decisions: 28378
iteration: 81; vars: 43050; clauses: 24915; decisions: 28522
iteration: 82; vars: 43566; clauses: 26257; decisions: 28661
iteration: 83; vars: 44082; clauses: 27599; decisions: 28808
iteration: 84; vars: 44598; clauses: 17359; decisions: 28964
iteration: 85; vars: 45114; clauses: 18701; decisions: 29276
iteration: 86; vars: 45630; clauses: 20043; decisions: 29536
iteration: 87; vars: 46146; clauses: 21385; decisions: 30407
iteration: 88; vars: 46662; clauses: 22727; decisions: 30841
iteration: 89; vars: 47178; clauses: 24069; decisions: 30988
iteration: 90; vars: 47694; clauses: 25411; decisions: 31129
iteration: 91; vars: 48210; clauses: 26753; decisions: 31366
iteration: 92; vars: 48726; clauses: 28095; decisions: 31509
iteration: 93; vars: 49242; clauses: 29437; decisions: 32915
iteration: 94; vars: 49758; clauses: 30779; decisions: 33143
iteration: 95; vars: 50274; clauses: 19348; decisions: 33344
iteration: 96; vars: 50790; clauses: 20690; decisions: 34150
iteration: 97; vars: 51306; clauses: 22032; decisions: 34315
iteration: 98; vars: 51822; clauses: 23374; decisions: 34792
iteration: 99; vars: 52338; clauses: 24716; decisions: 35051
iteration: 100; vars: 52854; clauses: 26058; decisions: 36062
iteration: 101; vars: 53370; clauses: 27400; decisions: 36860
iteration: 102; vars: 53886; clauses: 28742; decisions: 37017
iteration: 103; vars: 54402; clauses: 30084; decisions: 37168
iteration: 104; vars: 54918; clauses: 31426; decisions: 37473
iteration: 105; vars: 55434; clauses: 32768; decisions: 37946
iteration: 106; vars: 55950; clauses: 34110; decisions: 38083
iteration: 107; vars: 56466; clauses: 21266; decisions: 38241
iteration: 108; vars: 56982; clauses: 22608; decisions: 39036
iteration: 109; vars: 57498; clauses: 23950; decisions: 39410
iteration: 110; vars: 58014; clauses: 25292; decisions: 39769
iteration: 111; vars: 58530; clauses: 26634; decisions: 40001
iteration: 112; vars: 59046; clauses: 27976; decisions: 40681
iteration: 113; vars: 59562; clauses: 29318; decisions: 40830
iteration: 114; vars: 60078; clauses: 30660; decisions: 41191
iteration: 115; vars: 60594; clauses: 32002; decisions: 42077
iteration: 116; vars: 61110; clauses: 33344; decisions: 42279
iteration: 117; vars: 61626; clauses: 34686; decisions: 42576
iteration: 118; vars: 62142; clauses: 36028; decisions: 42969
iteration: 119; vars: 62658; clauses: 37370; decisions: 43216
iteration: 120; vars: 63174; clauses: 23781; decisions: 43345
iteration: 121; vars: 63690; clauses: 25123; decisions: 43594
iteration: 122; vars: 64206; clauses: 26465; decisions: 44411
iteration: 123; vars: 64722; clauses: 27807; decisions: 44551
iteration: 124; vars: 65238; clauses: 29149; decisions: 44801
iteration: 125; vars: 65754; clauses: 30491; decisions: 45041
iteration: 126; vars: 66270; clauses: 31833; decisions: 45362
iteration: 127; vars: 66786; clauses: 33175; decisions: 45612
iteration: 128; vars: 67302; clauses: 34517; decisions: 46734
iteration: 129; vars: 67818; clauses: 35859; decisions: 46894
iteration: 130; vars: 68334; clauses: 37201; decisions: 47062
iteration: 131; vars: 68850; clauses: 38543; decisions: 47404
iteration: 132; vars: 69366; clauses: 39885; decisions: 48056
iteration: 133; vars: 69882; clauses: 41227; decisions: 48795
iteration: 134; vars: 70398; clauses: 26538; decisions: 48945
iteration: 135; vars: 70914; clauses: 27880; decisions: 49144
iteration: 136; vars: 71430; clauses: 29222; decisions: 49309
iteration: 137; vars: 71946; clauses: 30564; decisions: 49684
iteration: 138; vars: 72462; clauses: 31906; decisions: 50102
iteration: 139; vars: 72978; clauses: 33248; decisions: 50368
iteration: 140; vars: 73494; clauses: 34590; decisions: 50516
iteration: 141; vars: 74010; clauses: 35932; decisions: 50771
iteration: 142; vars: 74526; clauses: 37274; decisions: 51714
iteration: 143; vars: 75042; clauses: 38616; decisions: 51889
iteration: 144; vars: 75558; clauses: 39958; decisions: 52346
iteration: 145; vars: 76074; clauses: 41300; decisions: 52565
iteration: 146; vars: 76590; clauses: 42642; decisions: 52928
iteration: 147; vars: 77106; clauses: 43984; decisions: 53055
iteration: 148; vars: 77622; clauses: 45326; decisions: 53414
iteration: 149; vars: 78138; clauses: 29542; decisions: 53550
iteration: 150; vars: 78654; clauses: 30884; decisions: 54380
iteration: 151; vars: 79170; clauses: 32226; decisions: 54513
iteration: 152; vars: 79686; clauses: 33568; decisions: 54701
iteration: 153; vars: 80202; clauses: 34910; decisions: 55005
iteration: 154; vars: 80718; clauses: 36252; decisions: 55129
iteration: 155; vars: 81234; clauses: 37594; decisions: 55410
iteration: 156; vars: 81750; clauses: 38936; decisions: 56889
iteration: 157; vars: 82266; clauses: 40278; decisions: 57137
iteration: 158; vars: 82782; clauses: 41620; decisions: 57475
iteration: 159; vars: 83298; clauses: 42962; decisions: 57825
iteration: 160; vars: 83814; clauses: 44304; decisions: 58018
iteration: 161; vars: 84330; clauses: 45646; decisions: 58214
iteration: 162; vars: 84846; clauses: 46988; decisions: 58595
iteration: 163; vars: 85362; clauses: 48330; decisions: 58782
iteration: 164; vars: 85878; clauses: 49672; decisions: 59024
iteration: 165; vars: 86394; clauses: 51014; decisions: 59267
iteration: 166; vars: 86910; clauses: 33162; decisions: 59564
iteration: 167; vars: 87426; clauses: 34504; decisions: 60439
iteration: 168; vars: 87942; clauses: 35846; decisions: 61102
iteration: 169; vars: 88458; clauses: 37188; decisions: 61747
iteration: 170; vars: 88974; clauses: 38530; decisions: 61918
iteration: 171; vars: 89490; clauses: 39872; decisions: 62606
iteration: 172; vars: 90006; clauses: 41214; decisions: 62778
iteration: 173; vars: 90522; clauses: 42556; decisions: 62943
iteration: 174; vars: 91038; clauses: 43898; decisions: 63626
iteration: 175; vars: 91554; clauses: 45240; decisions: 64133
iteration: 176; vars: 92070; clauses: 46582; decisions: 64296
iteration: 177; vars: 92586; clauses: 47924; decisions: 64510
iteration: 178; vars: 93102; clauses: 49266; decisions: 64899
iteration: 179; vars: 93618; clauses: 50608; decisions: 65297
iteration: 180; vars: 94134; clauses: 51950; decisions: 65775
iteration: 181; vars: 94650; clauses: 53292; decisions: 66208
iteration: 182; vars: 95166; clauses: 54634; decisions: 66650
iteration: 183; vars: 95682; clauses: 55976; decisions: 66878
iteration: 184; vars: 96198; clauses: 57318; decisions: 67845
iteration: 185; vars: 96714; clauses: 37079; decisions: 68087
iteration: 186; vars: 97230; clauses: 38421; decisions: 68481
iteration: 187; vars: 97746; clauses: 39763; decisions: 68620
iteration: 188; vars: 98262; clauses: 41105; decisions: 70200
iteration: 189; vars: 98778; clauses: 42447; decisions: 70593
iteration: 190; vars: 99294; clauses: 43789; decisions: 70748
iteration: 191; vars: 99810; clauses: 45131; decisions: 71938
iteration: 192; vars: 100326; clauses: 46473; decisions: 72723
iteration: 193; vars: 100842; clauses: 47815; decisions: 72915
iteration: 194; vars: 101358; clauses: 49157; decisions: 73174
iteration: 195; vars: 101874; clauses: 50499; decisions: 73287
iteration: 196; vars: 102390; clauses: 51841; decisions: 73607
iteration: 197; vars: 102906; clauses: 53183; decisions: 73992
iteration: 198; vars: 103422; clauses: 54525; decisions: 74951
iteration: 199; vars: 103938; clauses: 55867; decisions: 75166
iteration: 200; vars: 104454; clauses: 57209; decisions: 75350
iteration: 201; vars: 104970; clauses: 58551; decisions: 75490
iteration: 202; vars: 105486; clauses: 59893; decisions: 77180
iteration: 203; vars: 106002; clauses: 61235; decisions: 77447
iteration: 204; vars: 106518; clauses: 62577; decisions: 78186
iteration: 205; vars: 107034; clauses: 63919; decisions: 78484
iteration: 206; vars: 107550; clauses: 41803; decisions: 78870
iteration: 207; vars: 108066; clauses: 43145; decisions: 78987
iteration: 208; vars: 108582; clauses: 44487; decisions: 79357
iteration: 209; vars: 109098; clauses: 45829; decisions: 79475
iteration: 210; vars: 109614; clauses: 47171; decisions: 79657
iteration: 211; vars: 110130; clauses: 48513; decisions: 81830
iteration: 212; vars: 110646; clauses: 49855; decisions: 83443
iteration: 213; vars: 111162; clauses: 51197; decisions: 83621
iteration: 214; vars: 111678; clauses: 52539; decisions: 84834
iteration: 215; vars: 112194; clauses: 53881; decisions: 92658
iteration: 216; vars: 112710; clauses: 55223; decisions: 93089
iteration: 217; vars: 113226; clauses: 56565; decisions: 93468
iteration: 218; vars: 113742; clauses: 57907; decisions: 95658
iteration: 219; vars: 114258; clauses: 59249; decisions: 95802
iteration: 220; vars: 114774; clauses: 60591; decisions: 96588
iteration: 221; vars: 115290; clauses: 61933; decisions: 96878
iteration: 222; vars: 115806; clauses: 63275; decisions: 97076
iteration: 223; vars: 116322; clauses: 64617; decisions: 97642
iteration: 224; vars: 116838; clauses: 65959; decisions: 100340
iteration: 225; vars: 117354; clauses: 67301; decisions: 100896
iteration: 226; vars: 117870; clauses: 68643; decisions: 101028
iteration: 227; vars: 118386; clauses: 69985; decisions: 101274
iteration: 228; vars: 118902; clauses: 42952; decisions: 104049
iteration: 229; vars: 119418; clauses: 44292; decisions: 104187
iteration: 230; vars: 119934; clauses: 45632; decisions: 104566
iteration: 231; vars: 120450; clauses: 46972; decisions: 105042
iteration: 232; vars: 120966; clauses: 48312; decisions: 106620
iteration: 233; vars: 121482; clauses: 49652; decisions: 107122
iteration: 234; vars: 121998; clauses: 50992; decisions: 107252
iteration: 235; vars: 122514; clauses: 52332; decisions: 107758
iteration: 236; vars: 123030; clauses: 53672; decisions: 108273
iteration: 237; vars: 123546; clauses: 55012; decisions: 108389
iteration: 238; vars: 124062; clauses: 56352; decisions: 108534
iteration: 239; vars: 124578; clauses: 57692; decisions: 109416
iteration: 240; vars: 125094; clauses: 59032; decisions: 109710
iteration: 241; vars: 125610; clauses: 60372; decisions: 109888
iteration: 242; vars: 126126; clauses: 61712; decisions: 110265
iteration: 243; vars: 126642; clauses: 63046; decisions: 111163
iteration: 244; vars: 127158; clauses: 64376; decisions: 111288
iteration: 245; vars: 127674; clauses: 65706; decisions: 111431
iteration: 246; vars: 128190; clauses: 67036; decisions: 111627
iteration: 247; vars: 128706; clauses: 68366; decisions: 111766
iteration: 248; vars: 129222; clauses: 69696; decisions: 112248
iteration: 249; vars: 129738; clauses: 71025; decisions: 112801
iteration: 250; vars: 130254; clauses: 72355; decisions: 113574
iteration: 251; vars: 130770; clauses: 34646; decisions: 114959
iteration: 252; vars: 131286; clauses: 35974; decisions: 115093
iteration: 253; vars: 131802; clauses: 37302; decisions: 115336
iteration: 254; vars: 132318; clauses: 38630; decisions: 115497
iteration: 255; vars: 132834; clauses: 39958; decisions: 115717
iteration: 256; vars: 133350; clauses: 41286; decisions: 115803
iteration: 257; vars: 133866; clauses: 42611; decisions: 116304
iteration: 258; vars: 134382; clauses: 43939; decisions: 116419
iteration: 259; vars: 134898; clauses: 45267; decisions: 116525
iteration: 260; vars: 135414; clauses: 46595; decisions: 116650
iteration: 261; vars: 135930; clauses: 47923; decisions: 116865
iteration: 262; vars: 136446; clauses: 49251; decisions: 116972
iteration: 263; vars: 136962; clauses: 50578; decisions: 117547
iteration: 264; vars: 137478; clauses: 51901; decisions: 118183
iteration: 265; vars: 137994; clauses: 53229; decisions: 118377
iteration: 266; vars: 138510; clauses: 54556; decisions: 119093
iteration: 267; vars: 139026; clauses: 55884; decisions: 119210
iteration: 268; vars: 139542; clauses: 57212; decisions: 119868
iteration: 269; vars: 140058; clauses: 37288; decisions: 119972
iteration: 270; vars: 140574; clauses: 38616; decisions: 120199
iteration: 271; vars: 141090; clauses: 39944; decisions: 120380
iteration: 272; vars: 141606; clauses: 41270; decisions: 120834
iteration: 273; vars: 142122; clauses: 42593; decisions: 122316
iteration: 274; vars: 142638; clauses: 43921; decisions: 122422
iteration: 275; vars: 143154; clauses: 45249; decisions: 122990
iteration: 276; vars: 143670; clauses: 46577; decisions: 123071
iteration: 277; vars: 144186; clauses: 47905; decisions: 123903
iteration: 278; vars: 144702; clauses: 49233; decisions: 124010
iteration: 279; vars: 145218; clauses: 50561; decisions: 124145
iteration: 280; vars: 145734; clauses: 51889; decisions: 124247
iteration: 281; vars: 146250; clauses: 53217; decisions: 125004
iteration: 282; vars: 146766; clauses: 54545; decisions: 125086
iteration: 283; vars: 147282; clauses: 55873; decisions: 125205
iteration: 284; vars: 147798; clauses: 57201; decisions: 125448
iteration: 285; vars: 148314; clauses: 58529; decisions: 125667
iteration: 286; vars: 148830; clauses: 59854; decisions: 126224
iteration: 287; vars: 149346; clauses: 61180; decisions: 126854
iteration: 288; vars: 149862; clauses: 36929; decisions: 127087
iteration: 289; vars: 150378; clauses: 38232; decisions: 130661
iteration: 290; vars: 150894; clauses: 39553; decisions: 130809
iteration: 291; vars: 151410; clauses: 40875; decisions: 131474
iteration: 292; vars: 151926; clauses: 42196; decisions: 131796
iteration: 293; vars: 152442; clauses: 43506; decisions: 132279
iteration: 294; vars: 152958; clauses: 44811; decisions: 132438
iteration: 295; vars: 153474; clauses: 46117; decisions: 132601
iteration: 296; vars: 153990; clauses: 47419; decisions: 132846
iteration: 297; vars: 154506; clauses: 48721; decisions: 132899
iteration: 298; vars: 155022; clauses: 50023; decisions: 133154
iteration: 299; vars: 155538; clauses: 51321; decisions: 133228
iteration: 300; vars: 156054; clauses: 52619; decisions: 133923
iteration: 301; vars: 156570; clauses: 53903; decisions: 133991
iteration: 302; vars: 157086; clauses: 55187; decisions: 134062
iteration: 303; vars: 157602; clauses: 56471; decisions: 134132
iteration: 304; vars: 158118; clauses: 57755; decisions: 134484
finished solver loop. fail_count = 0
key=10110011100000111011101111111111101100101101
iteration=304; backbones_count=0; cube_count=448480; cpu_time=16.3518; maxrss=19.1719
