inputs=128 keys=40 outputs=1 gates=247
iteration: 1; vars: 1690; clauses: 1249; decisions: 644
iteration: 2; vars: 2182; clauses: 2503; decisions: 1187
iteration: 3; vars: 2674; clauses: 1688; decisions: 1884
iteration: 4; vars: 3166; clauses: 2942; decisions: 2284
iteration: 5; vars: 3658; clauses: 2128; decisions: 2621
iteration: 6; vars: 4150; clauses: 3382; decisions: 3134
iteration: 7; vars: 4642; clauses: 4636; decisions: 3377
iteration: 8; vars: 5134; clauses: 2784; decisions: 4200
iteration: 9; vars: 5626; clauses: 4038; decisions: 4847
iteration: 10; vars: 6118; clauses: 5292; decisions: 5182
iteration: 11; vars: 6610; clauses: 3438; decisions: 5415
iteration: 12; vars: 7102; clauses: 4692; decisions: 5622
iteration: 13; vars: 7594; clauses: 5946; decisions: 5826
iteration: 14; vars: 8086; clauses: 4081; decisions: 6028
iteration: 15; vars: 8578; clauses: 5335; decisions: 6515
iteration: 16; vars: 9070; clauses: 6589; decisions: 6707
iteration: 17; vars: 9562; clauses: 7843; decisions: 7596
iteration: 18; vars: 10054; clauses: 4916; decisions: 7760
iteration: 19; vars: 10546; clauses: 6170; decisions: 8205
iteration: 20; vars: 11038; clauses: 7424; decisions: 8365
iteration: 21; vars: 11530; clauses: 8678; decisions: 8530
iteration: 22; vars: 12022; clauses: 5703; decisions: 8696
iteration: 23; vars: 12514; clauses: 6957; decisions: 9389
iteration: 24; vars: 13006; clauses: 8211; decisions: 9548
iteration: 25; vars: 13498; clauses: 9465; decisions: 10564
iteration: 26; vars: 13990; clauses: 10719; decisions: 10989
iteration: 27; vars: 14482; clauses: 6530; decisions: 11139
iteration: 28; vars: 14974; clauses: 7784; decisions: 11298
iteration: 29; vars: 15466; clauses: 9038; decisions: 13734
iteration: 30; vars: 15958; clauses: 10292; decisions: 14032
iteration: 31; vars: 16450; clauses: 11546; decisions: 14242
iteration: 32; vars: 16942; clauses: 7355; decisions: 14443
iteration: 33; vars: 17434; clauses: 8609; decisions: 14713
iteration: 34; vars: 17926; clauses: 9863; decisions: 15392
iteration: 35; vars: 18418; clauses: 11117; decisions: 15553
iteration: 36; vars: 18910; clauses: 12371; decisions: 16150
iteration: 37; vars: 19402; clauses: 8379; decisions: 16495
iteration: 38; vars: 19894; clauses: 9633; decisions: 17943
iteration: 39; vars: 20386; clauses: 10885; decisions: 18108
iteration: 40; vars: 20878; clauses: 12137; decisions: 18530
iteration: 41; vars: 21370; clauses: 13389; decisions: 18725
iteration: 42; vars: 21862; clauses: 14641; decisions: 19453
iteration: 43; vars: 22354; clauses: 9016; decisions: 19609
iteration: 44; vars: 22846; clauses: 10268; decisions: 20011
iteration: 45; vars: 23338; clauses: 11520; decisions: 20246
iteration: 46; vars: 23830; clauses: 12772; decisions: 20540
iteration: 47; vars: 24322; clauses: 14024; decisions: 21570
iteration: 48; vars: 24814; clauses: 15276; decisions: 21858
iteration: 49; vars: 25306; clauses: 9466; decisions: 22087
iteration: 50; vars: 25798; clauses: 10714; decisions: 23886
iteration: 51; vars: 26290; clauses: 11962; decisions: 24285
iteration: 52; vars: 26782; clauses: 13206; decisions: 24841
iteration: 53; vars: 27274; clauses: 14450; decisions: 25013
iteration: 54; vars: 27766; clauses: 15694; decisions: 25134
iteration: 55; vars: 28258; clauses: 16938; decisions: 26804
iteration: 56; vars: 28750; clauses: 8787; decisions: 28410
iteration: 57; vars: 29242; clauses: 10021; decisions: 29011
iteration: 58; vars: 29734; clauses: 11255; decisions: 29508
iteration: 59; vars: 30226; clauses: 12489; decisions: 30288
iteration: 60; vars: 30718; clauses: 13723; decisions: 31079
iteration: 61; vars: 31210; clauses: 14957; decisions: 31219
iteration: 62; vars: 31702; clauses: 16191; decisions: 31335
iteration: 63; vars: 32194; clauses: 8666; decisions: 32117
iteration: 64; vars: 32686; clauses: 9900; decisions: 32284
iteration: 65; vars: 33178; clauses: 11134; decisions: 32869
iteration: 66; vars: 33670; clauses: 12368; decisions: 33209
iteration: 67; vars: 34162; clauses: 13602; decisions: 33717
iteration: 68; vars: 34654; clauses: 14836; decisions: 33851
iteration: 69; vars: 35146; clauses: 16070; decisions: 33978
iteration: 70; vars: 35638; clauses: 9544; decisions: 34216
iteration: 71; vars: 36130; clauses: 10778; decisions: 34382
iteration: 72; vars: 36622; clauses: 12012; decisions: 34486
iteration: 73; vars: 37114; clauses: 13246; decisions: 35119
iteration: 74; vars: 37606; clauses: 14480; decisions: 35444
iteration: 75; vars: 38098; clauses: 15714; decisions: 35718
iteration: 76; vars: 38590; clauses: 16948; decisions: 35826
iteration: 77; vars: 39082; clauses: 10524; decisions: 36247
iteration: 78; vars: 39574; clauses: 11758; decisions: 36405
iteration: 79; vars: 40066; clauses: 12992; decisions: 36488
iteration: 80; vars: 40558; clauses: 14226; decisions: 36571
iteration: 81; vars: 41050; clauses: 15460; decisions: 36731
iteration: 82; vars: 41542; clauses: 16694; decisions: 36813
iteration: 83; vars: 42034; clauses: 17928; decisions: 37302
iteration: 84; vars: 42526; clauses: 19162; decisions: 37464
iteration: 85; vars: 43018; clauses: 11729; decisions: 38722
iteration: 86; vars: 43510; clauses: 12955; decisions: 39005
iteration: 87; vars: 44002; clauses: 14181; decisions: 39385
iteration: 88; vars: 44494; clauses: 15407; decisions: 39467
iteration: 89; vars: 44986; clauses: 16633; decisions: 39828
iteration: 90; vars: 45478; clauses: 17859; decisions: 40362
iteration: 91; vars: 45970; clauses: 19085; decisions: 40408
iteration: 92; vars: 46462; clauses: 20311; decisions: 40720
iteration: 93; vars: 46954; clauses: 21537; decisions: 40910
iteration: 94; vars: 47446; clauses: 11028; decisions: 41518
iteration: 95; vars: 47938; clauses: 12254; decisions: 41845
iteration: 96; vars: 48430; clauses: 13480; decisions: 43007
iteration: 97; vars: 48922; clauses: 14706; decisions: 43094
iteration: 98; vars: 49414; clauses: 15932; decisions: 43310
iteration: 99; vars: 49906; clauses: 17158; decisions: 43364
iteration: 100; vars: 50398; clauses: 18384; decisions: 43586
iteration: 101; vars: 50890; clauses: 19610; decisions: 43911
iteration: 102; vars: 51382; clauses: 11424; decisions: 44009
iteration: 103; vars: 51874; clauses: 12646; decisions: 44121
iteration: 104; vars: 52366; clauses: 13868; decisions: 44224
iteration: 105; vars: 52858; clauses: 15090; decisions: 44898
iteration: 106; vars: 53350; clauses: 16312; decisions: 44943
iteration: 107; vars: 53842; clauses: 17534; decisions: 45324
finished solver loop. fail_count = 0
key=1011001110000011101110111111111110110010
iteration=107; backbones_count=0; cube_count=149386; cpu_time=3.83031; maxrss=8.88281
